SF:lib\main.dart
DA:21,3
DA:23,0
DA:25,0
DA:26,0
DA:27,0
DA:31,0
DA:33,0
DA:35,0
DA:37,0
DA:40,0
DA:44,2
DA:48,1
DA:50,1
DA:51,1
DA:52,1
DA:53,1
DA:54,0
DA:55,1
DA:56,0
DA:57,1
DA:58,0
DA:59,1
DA:61,1
DA:62,1
DA:63,1
DA:65,1
DA:68,3
DA:70,2
DA:71,1
LF:29
LH:17
end_of_record
SF:lib\viewModel\AccountViewModel.dart
DA:12,0
DA:14,0
DA:25,0
DA:27,0
DA:28,0
DA:40,0
DA:41,0
DA:43,0
DA:44,0
DA:51,0
DA:52,0
DA:55,0
DA:56,0
DA:59,0
DA:60,0
DA:62,0
DA:63,0
DA:66,0
DA:67,0
DA:68,0
DA:69,0
DA:80,0
DA:81,0
DA:83,0
DA:84,0
DA:86,0
DA:87,0
DA:97,0
DA:98,0
DA:106,0
DA:107,0
DA:111,0
DA:112,0
DA:114,0
DA:115,0
DA:121,0
DA:122,0
DA:125,0
DA:126,0
DA:129,0
DA:130,0
DA:131,0
DA:135,0
DA:136,0
DA:137,0
DA:141,0
DA:142,0
DA:144,0
DA:145,0
DA:150,0
DA:151,0
DA:153,0
DA:155,0
DA:156,0
DA:157,0
DA:158,0
DA:163,0
DA:165,0
DA:167,0
DA:168,0
DA:169,0
DA:170,0
LF:62
LH:0
end_of_record
SF:lib\AppRouter.dart
DA:14,0
DA:16,0
DA:17,0
DA:22,0
DA:24,0
DA:27,0
DA:29,0
DA:30,0
DA:32,0
DA:42,1
DA:44,1
DA:45,1
DA:46,1
DA:50,1
DA:51,1
DA:54,1
DA:58,1
DA:59,1
DA:61,1
DA:65,1
DA:66,1
DA:68,1
DA:72,1
DA:73,1
DA:75,1
DA:79,1
DA:80,1
DA:82,1
DA:86,1
DA:87,1
DA:90,1
DA:94,1
DA:95,1
DA:97,1
DA:101,1
DA:102,1
DA:104,1
DA:108,1
DA:109,1
DA:111,1
DA:115,1
DA:116,1
DA:119,1
DA:123,1
DA:124,1
DA:126,1
DA:130,1
DA:131,1
DA:133,1
DA:137,1
DA:138,1
DA:140,1
DA:144,1
DA:145,1
DA:147,1
DA:151,1
DA:152,1
DA:154,1
DA:158,1
DA:159,1
DA:161,1
DA:165,1
DA:166,1
DA:168,1
DA:172,1
DA:173,1
DA:175,1
DA:179,1
DA:180,1
LF:69
LH:60
end_of_record
SF:lib\repository\AccountRepository.dart
DA:26,0
DA:28,0
DA:54,0
DA:55,0
DA:56,0
DA:57,0
DA:59,0
DA:60,0
DA:61,0
DA:63,0
DA:64,0
DA:65,0
DA:66,0
DA:67,0
DA:71,0
DA:72,0
DA:73,0
DA:75,0
DA:83,0
DA:84,0
DA:85,0
DA:87,0
DA:88,0
DA:89,0
DA:90,0
DA:91,0
DA:92,0
DA:93,0
DA:99,0
DA:104,0
DA:105,0
DA:106,0
DA:107,0
DA:108,0
DA:109,0
DA:111,0
DA:112,0
DA:119,0
DA:120,0
DA:121,0
DA:122,0
DA:123,0
DA:125,0
DA:126,0
DA:133,0
DA:135,0
DA:136,0
DA:137,0
DA:138,0
DA:139,0
DA:140,0
DA:150,0
DA:151,0
DA:153,0
DA:160,0
DA:161,0
DA:164,0
DA:165,0
DA:168,0
DA:170,0
DA:172,0
DA:174,0
DA:175,0
DA:176,0
DA:177,0
DA:178,0
DA:179,0
DA:180,0
DA:181,0
DA:182,0
DA:183,0
DA:189,0
DA:194,0
DA:195,0
DA:196,0
DA:198,0
DA:203,0
DA:208,0
DA:209,0
DA:212,0
DA:213,0
DA:216,0
DA:218,0
DA:220,0
DA:225,0
DA:227,0
DA:231,0
DA:232,0
DA:233,0
DA:234,0
DA:235,0
DA:237,0
DA:239,0
DA:241,0
DA:242,0
DA:248,0
DA:249,0
DA:250,0
DA:251,0
DA:253,0
DA:259,0
DA:260,0
DA:261,0
DA:262,0
DA:263,0
DA:265,0
LF:106
LH:0
end_of_record
SF:lib\screen\notification\NotificationPage.dart
DA:13,0
DA:15,0
DA:16,0
DA:20,0
DA:29,0
DA:31,0
DA:32,0
DA:35,0
DA:38,0
DA:40,0
DA:41,0
DA:42,0
DA:44,0
DA:45,0
DA:46,0
DA:48,0
DA:49,0
DA:51,0
DA:52,0
DA:53,0
DA:54,0
DA:56,0
DA:60,0
DA:62,0
DA:66,0
DA:67,0
DA:68,0
DA:70,0
DA:71,0
DA:72,0
DA:73,0
DA:74,0
DA:77,0
DA:79,0
DA:80,0
DA:81,0
DA:82,0
DA:84,0
DA:85,0
DA:86,0
DA:87,0
DA:88,0
DA:90,0
DA:99,0
DA:100,0
DA:101,0
DA:102,0
DA:103,0
DA:104,0
DA:108,0
DA:109,0
DA:110,0
DA:111,0
DA:112,0
DA:113,0
DA:115,0
DA:116,0
DA:118,0
DA:120,0
DA:129,0
DA:130,0
DA:131,0
DA:132,0
DA:133,0
DA:134,0
DA:135,0
DA:136,0
DA:139,0
DA:142,0
DA:143,0
DA:144,0
DA:145,0
DA:147,0
DA:152,0
DA:153,0
DA:155,0
DA:156,0
DA:157,0
DA:158,0
DA:159,0
DA:160,0
DA:162,0
DA:163,0
DA:164,0
DA:168,0
DA:169,0
DA:170,0
DA:171,0
DA:172,0
DA:173,0
DA:180,0
DA:181,0
DA:183,0
DA:185,0
DA:189,0
DA:190,0
DA:192,0
DA:193,0
DA:195,0
DA:203,0
DA:205,0
DA:206,0
DA:207,0
DA:209,0
DA:211,0
DA:212,0
DA:214,0
DA:215,0
DA:216,0
DA:217,0
DA:218,0
DA:219,0
DA:220,0
DA:221,0
DA:222,0
DA:223,0
LF:116
LH:0
end_of_record
SF:lib\screen\personal\NotificationSettingPage.dart
DA:15,1
DA:17,0
DA:18,0
DA:22,0
DA:27,0
DA:29,0
DA:32,0
DA:34,0
DA:36,0
DA:37,0
DA:38,0
DA:40,0
DA:41,0
DA:42,0
DA:43,0
DA:45,0
DA:46,0
DA:48,0
DA:51,0
DA:53,0
DA:56,0
DA:57,0
DA:58,0
DA:59,0
DA:61,0
DA:62,0
DA:65,0
DA:66,0
DA:68,0
DA:69,0
DA:70,0
DA:71,0
DA:72,0
DA:73,0
DA:75,0
DA:77,0
DA:78,0
DA:79,0
DA:80,0
DA:82,0
DA:83,0
DA:85,0
DA:86,0
DA:88,0
DA:90,0
DA:91,0
DA:92,0
DA:93,0
DA:94,0
DA:102,0
DA:103,0
LF:51
LH:1
end_of_record
SF:lib\screen\LoginPage.dart
DA:25,1
DA:27,0
DA:28,0
DA:44,0
DA:46,0
DA:47,0
DA:48,0
DA:49,0
DA:50,0
DA:53,0
DA:55,0
DA:56,0
DA:57,0
DA:58,0
DA:60,0
DA:61,0
DA:69,0
DA:72,0
DA:73,0
DA:74,0
DA:77,0
DA:80,0
DA:81,0
DA:84,0
DA:85,0
DA:86,0
DA:87,0
DA:90,0
DA:91,0
DA:93,0
DA:94,0
DA:96,0
DA:101,0
DA:102,0
DA:104,0
DA:105,0
DA:106,0
DA:107,0
DA:108,0
DA:110,0
DA:115,0
DA:116,0
DA:118,0
DA:126,0
DA:127,0
DA:132,0
DA:133,0
DA:135,0
DA:136,0
DA:137,0
DA:138,0
DA:139,0
DA:141,0
DA:146,0
DA:147,0
DA:149,0
DA:157,0
DA:159,0
DA:160,0
DA:161,0
DA:169,0
DA:170,0
DA:171,0
DA:198,0
DA:199,0
DA:202,0
DA:203,0
DA:204,0
DA:206,0
DA:207,0
DA:208,0
DA:209,0
DA:210,0
DA:213,0
DA:214,0
DA:216,0
DA:217,0
DA:219,0
DA:220,0
DA:221,0
DA:222,0
DA:267,0
DA:269,0
DA:271,0
DA:272,0
DA:275,0
DA:276,0
DA:277,0
DA:278,0
DA:287,0
DA:288,0
DA:289,0
DA:290,0
DA:291,0
DA:292,0
DA:295,0
DA:296,0
DA:297,0
LF:98
LH:1
end_of_record
SF:lib\screen\login\ForgotPasswordPage.dart
DA:18,1
DA:20,0
DA:21,0
DA:30,0
DA:32,0
DA:33,0
DA:34,0
DA:35,0
DA:36,0
DA:41,0
DA:43,0
DA:44,0
DA:45,0
DA:47,0
DA:48,0
DA:49,0
DA:50,0
DA:51,0
DA:52,0
DA:53,0
DA:54,0
DA:57,0
DA:61,0
DA:62,0
DA:63,0
DA:64,0
DA:66,0
DA:69,0
DA:70,0
DA:71,0
DA:72,0
DA:75,0
DA:76,0
DA:78,0
DA:79,0
DA:86,0
DA:87,0
DA:88,0
DA:89,0
DA:90,0
DA:91,0
DA:96,0
DA:97,0
DA:98,0
DA:99,0
DA:100,0
DA:101,0
DA:102,0
DA:103,0
DA:107,0
DA:111,0
DA:112,0
DA:113,0
LF:53
LH:1
end_of_record
SF:lib\screen\login\ChangePasswordPage.dart
DA:19,1
DA:23,0
DA:24,0
DA:40,0
DA:42,0
DA:44,0
DA:45,0
DA:46,0
DA:47,0
DA:50,0
DA:51,0
DA:52,0
DA:57,0
DA:59,0
DA:60,0
DA:61,0
DA:63,0
DA:64,0
DA:65,0
DA:66,0
DA:67,0
DA:68,0
DA:69,0
DA:70,0
DA:73,0
DA:78,0
DA:79,0
DA:80,0
DA:81,0
DA:83,0
DA:84,0
DA:85,0
DA:89,0
DA:90,0
DA:91,0
DA:93,0
DA:94,0
DA:96,0
DA:97,0
DA:98,0
DA:100,0
DA:101,0
DA:104,0
DA:106,0
DA:107,0
DA:108,0
DA:112,0
DA:113,0
DA:114,0
DA:116,0
DA:117,0
DA:119,0
DA:120,0
DA:121,0
DA:123,0
DA:124,0
DA:131,0
DA:132,0
DA:133,0
DA:134,0
DA:135,0
DA:140,0
DA:141,0
DA:142,0
DA:143,0
DA:144,0
DA:145,0
DA:149,0
DA:150,0
DA:151,0
LF:70
LH:1
end_of_record
SF:lib\screen\MainPage.dart
DA:22,1
DA:24,0
DA:25,0
DA:38,0
DA:40,0
DA:41,0
DA:42,0
DA:43,0
DA:44,0
DA:46,0
DA:49,0
DA:51,0
DA:52,0
DA:55,0
DA:57,0
DA:58,0
DA:59,0
DA:60,0
DA:61,0
DA:62,0
DA:63,0
DA:64,0
DA:71,0
DA:73,0
DA:74,0
DA:79,0
DA:80,0
DA:81,0
DA:82,0
DA:83,0
DA:92,0
DA:93,0
DA:94,0
DA:95,0
DA:99,0
DA:100,0
DA:101,0
DA:111,0
DA:112,0
DA:113,0
DA:123,0
DA:125,0
DA:126,0
DA:128,0
DA:129,0
DA:130,0
DA:132,0
DA:133,0
LF:48
LH:1
end_of_record
SF:lib\screen\personal\AccountManagerPage.dart
DA:22,1
DA:24,0
DA:25,0
DA:31,0
DA:33,0
DA:37,0
DA:39,0
DA:41,0
DA:42,0
DA:44,0
DA:45,0
DA:46,0
DA:48,0
DA:49,0
DA:50,0
DA:52,0
DA:55,0
DA:56,0
DA:59,0
DA:60,0
DA:61,0
DA:62,0
DA:63,0
DA:64,0
DA:65,0
DA:66,0
DA:67,0
DA:68,0
DA:69,0
DA:70,0
DA:71,0
DA:73,0
DA:74,0
DA:75,0
DA:76,0
DA:77,0
DA:78,0
DA:79,0
DA:80,0
DA:82,0
DA:83,0
DA:84,0
DA:89,0
DA:94,0
DA:95,0
DA:97,0
DA:100,0
DA:101,0
DA:102,0
DA:104,0
DA:105,0
DA:106,0
DA:108,0
DA:109,0
DA:110,0
DA:111,0
DA:112,0
DA:113,0
DA:119,0
DA:120,0
DA:122,0
DA:123,0
DA:125,0
DA:127,0
DA:128,0
DA:130,0
DA:132,0
DA:133,0
DA:136,0
DA:137,0
DA:139,0
DA:140,0
DA:141,0
DA:142,0
DA:143,0
DA:144,0
DA:146,0
DA:148,0
DA:150,0
DA:151,0
DA:153,0
DA:161,0
DA:162,0
DA:163,0
DA:164,0
DA:166,0
DA:167,0
DA:168,0
DA:169,0
DA:174,0
DA:175,0
DA:176,0
DA:177,0
DA:179,0
DA:183,0
DA:184,0
DA:185,0
DA:190,0
DA:193,0
DA:194,0
DA:198,0
DA:210,0
DA:215,0
DA:216,0
DA:217,0
DA:219,0
DA:220,0
DA:222,0
DA:227,0
DA:229,0
DA:230,0
DA:231,0
DA:232,0
DA:233,0
DA:234,0
DA:236,0
DA:243,0
DA:245,0
DA:246,0
DA:247,0
DA:249,0
DA:252,0
DA:256,0
DA:259,0
DA:260,0
DA:262,0
DA:263,0
LF:127
LH:1
end_of_record
SF:lib\screen\login\PasswordLoginPage.dart
DA:25,1
DA:27,0
DA:28,0
DA:41,0
DA:43,0
DA:44,0
DA:45,0
DA:46,0
DA:47,0
DA:48,0
DA:53,0
DA:56,0
DA:57,0
DA:60,0
DA:62,0
DA:63,0
DA:64,0
DA:65,0
DA:66,0
DA:67,0
DA:68,0
DA:69,0
DA:70,0
DA:71,0
DA:72,0
DA:73,0
DA:75,0
DA:77,0
DA:78,0
DA:79,0
DA:80,0
DA:81,0
DA:84,0
DA:88,0
DA:89,0
DA:91,0
DA:94,0
DA:95,0
DA:97,0
DA:98,0
DA:99,0
DA:102,0
DA:104,0
DA:106,0
DA:107,0
DA:108,0
DA:109,0
DA:110,0
DA:111,0
DA:112,0
DA:115,0
DA:116,0
DA:118,0
DA:119,0
DA:123,0
DA:125,0
DA:128,0
DA:129,0
DA:130,0
DA:131,0
DA:135,0
DA:136,0
DA:137,0
DA:142,0
DA:143,0
DA:144,0
DA:145,0
DA:146,0
DA:148,0
DA:150,0
DA:151,0
DA:152,0
DA:154,0
DA:155,0
DA:160,0
DA:161,0
DA:170,0
DA:171,0
DA:172,0
LF:79
LH:1
end_of_record
SF:lib\screen\personal\SystemSettingPage.dart
DA:15,1
DA:17,0
DA:18,0
DA:24,0
DA:26,0
DA:29,0
DA:31,0
DA:32,0
DA:39,0
DA:40,0
DA:41,0
DA:43,0
DA:44,0
DA:45,0
DA:47,0
DA:48,0
DA:50,0
DA:51,0
DA:52,0
DA:53,0
DA:54,0
DA:56,0
DA:57,0
DA:58,0
DA:59,0
DA:60,0
DA:61,0
DA:62,0
DA:63,0
DA:64,0
DA:65,0
DA:67,0
DA:68,0
DA:69,0
DA:70,0
DA:71,0
DA:72,0
DA:74,0
DA:76,0
DA:77,0
DA:78,0
DA:79,0
DA:83,0
DA:87,0
DA:88,0
DA:89,0
DA:90,0
DA:91,0
DA:94,0
DA:95,0
DA:96,0
DA:98,0
DA:99,0
DA:100,0
DA:101,0
DA:102,0
DA:103,0
DA:104,0
DA:106,0
DA:107,0
DA:109,0
DA:110,0
DA:111,0
DA:112,0
DA:113,0
DA:114,0
DA:115,0
DA:116,0
DA:117,0
DA:118,0
DA:119,0
DA:120,0
DA:128,0
DA:130,0
DA:131,0
DA:132,0
DA:134,0
DA:137,0
DA:138,0
DA:141,0
LF:80
LH:1
end_of_record
SF:lib\screen\personal\PrivacyPolicyPage.dart
DA:12,1
DA:14,0
DA:15,0
DA:20,0
DA:22,0
DA:23,0
DA:24,0
DA:25,0
DA:28,0
DA:30,0
DA:32,0
DA:33,0
DA:34,0
DA:36,0
DA:37,0
DA:38,0
DA:40,0
DA:41,0
DA:42,0
DA:44,0
DA:46,0
DA:47,0
DA:48,0
DA:49,0
DA:50,0
LF:25
LH:1
end_of_record
SF:lib\screen\LaunchScreenPage.dart
DA:11,1
DA:13,0
DA:15,0
DA:16,0
DA:18,0
DA:19,0
DA:20,0
DA:21,0
DA:22,0
DA:24,0
DA:26,0
LF:11
LH:1
end_of_record
SF:lib\screen\personal\PrivacySettingPage.dart
DA:15,1
DA:17,0
DA:18,0
DA:25,0
DA:27,0
DA:30,0
DA:32,0
DA:34,0
DA:35,0
DA:36,0
DA:38,0
DA:39,0
DA:40,0
DA:41,0
DA:43,0
DA:44,0
DA:46,0
DA:47,0
DA:49,0
DA:50,0
DA:51,0
DA:52,0
DA:53,0
DA:54,0
DA:56,0
DA:58,0
DA:59,0
DA:60,0
DA:61,0
DA:63,0
DA:64,0
DA:66,0
DA:67,0
DA:69,0
DA:71,0
DA:72,0
DA:73,0
DA:74,0
DA:75,0
DA:83,0
DA:84,0
LF:41
LH:1
end_of_record
SF:lib\screen\login\RegisterDeviceQrPage.dart
DA:23,4
DA:30,0
DA:31,0
DA:46,0
DA:48,0
DA:49,0
DA:50,0
DA:51,0
DA:52,0
DA:53,0
DA:54,0
DA:55,0
DA:56,0
DA:57,0
DA:58,0
DA:59,0
DA:61,0
DA:62,0
DA:63,0
DA:64,0
DA:65,0
DA:67,0
DA:68,0
DA:70,0
DA:72,0
DA:73,0
DA:74,0
DA:75,0
DA:76,0
DA:80,0
DA:85,0
DA:86,0
DA:90,0
DA:97,0
DA:99,0
DA:100,0
DA:101,0
DA:104,0
DA:106,0
DA:107,0
DA:108,0
DA:109,0
DA:114,0
DA:118,0
DA:125,0
DA:126,0
DA:127,0
DA:128,0
DA:129,0
DA:130,0
DA:132,0
DA:133,0
DA:135,0
DA:136,0
DA:138,0
DA:139,0
DA:141,0
DA:143,0
DA:149,0
DA:152,0
DA:153,0
DA:155,0
DA:156,0
DA:157,0
DA:160,0
DA:161,0
DA:163,0
DA:164,0
DA:165,0
DA:167,0
DA:170,0
DA:171,0
DA:172,0
DA:174,0
DA:175,0
DA:178,0
DA:179,0
DA:181,0
DA:182,0
DA:183,0
DA:184,0
DA:186,0
DA:188,0
LF:83
LH:1
end_of_record
SF:lib\screen\login\CompleteBindingPage.dart
DA:15,1
DA:17,0
DA:18,0
DA:24,0
DA:26,0
DA:29,0
DA:31,0
DA:32,0
DA:39,0
DA:40,0
DA:41,0
DA:42,0
DA:43,0
DA:44,0
DA:45,0
DA:47,0
DA:48,0
DA:49,0
DA:51,0
DA:52,0
DA:53,0
DA:54,0
DA:55,0
LF:23
LH:1
end_of_record
SF:lib\screen\login\EnterUserNamePage.dart
DA:25,1
DA:27,0
DA:28,0
DA:37,0
DA:39,0
DA:40,0
DA:43,0
DA:46,0
DA:47,0
DA:50,0
DA:52,0
DA:54,0
DA:55,0
DA:57,0
DA:58,0
DA:59,0
DA:60,0
DA:61,0
DA:62,0
DA:63,0
DA:64,0
DA:65,0
DA:66,0
DA:67,0
DA:69,0
DA:72,0
DA:73,0
DA:75,0
DA:78,0
DA:79,0
DA:80,0
DA:81,0
DA:82,0
DA:83,0
DA:84,0
DA:85,0
DA:86,0
DA:88,0
DA:90,0
DA:92,0
DA:93,0
DA:98,0
DA:100,0
DA:104,0
DA:105,0
DA:107,0
DA:108,0
DA:110,0
DA:112,0
DA:113,0
DA:114,0
DA:115,0
DA:116,0
DA:117,0
DA:120,0
DA:122,0
DA:123,0
DA:129,0
DA:138,0
DA:139,0
DA:140,0
DA:141,0
DA:143,0
DA:145,0
DA:153,0
LF:65
LH:1
end_of_record
SF:lib\screen\login\BindEnergyStoragePage.dart
DA:17,1
DA:19,0
DA:20,0
DA:29,0
DA:31,0
DA:32,0
DA:35,0
DA:38,0
DA:39,0
DA:42,0
DA:44,0
DA:45,0
DA:46,0
DA:48,0
DA:49,0
DA:50,0
DA:52,0
DA:53,0
DA:54,0
DA:56,0
DA:57,0
DA:58,0
DA:60,0
DA:61,0
DA:62,0
DA:64,0
DA:65,0
DA:70,0
DA:72,0
DA:73,0
DA:74,0
DA:78,0
DA:79,0
DA:80,0
DA:81,0
DA:88,0
DA:89,0
DA:90,0
DA:91,0
DA:92,0
DA:108,0
DA:109,0
DA:110,0
LF:43
LH:1
end_of_record
SF:lib\screen\energyStorage\ScanUidQrPage.dart
DA:20,1
DA:24,0
DA:25,0
DA:42,0
DA:44,0
DA:45,0
DA:46,0
DA:47,0
DA:48,0
DA:49,0
DA:50,0
DA:51,0
DA:52,0
DA:53,0
DA:54,0
DA:55,0
DA:56,0
DA:58,0
DA:59,0
DA:63,0
DA:64,0
DA:66,0
DA:67,0
DA:71,0
DA:75,0
DA:76,0
DA:80,0
DA:87,0
DA:89,0
DA:90,0
DA:93,0
DA:95,0
DA:96,0
DA:97,0
DA:98,0
DA:103,0
DA:107,0
DA:114,0
DA:115,0
DA:116,0
DA:117,0
DA:118,0
DA:119,0
DA:121,0
DA:122,0
DA:124,0
DA:125,0
DA:127,0
DA:138,0
DA:141,0
DA:142,0
DA:145,0
DA:146,0
DA:147,0
DA:150,0
DA:151,0
DA:153,0
DA:154,0
DA:155,0
DA:157,0
DA:160,0
DA:161,0
DA:162,0
DA:164,0
DA:165,0
DA:166,0
DA:167,0
DA:170,0
DA:171,0
DA:173,0
DA:174,0
DA:175,0
DA:176,0
DA:178,0
DA:180,0
DA:194,0
DA:195,0
DA:196,0
DA:197,0
DA:202,0
LF:80
LH:1
end_of_record
SF:lib\screen\login\RegisterAccountPage.dart
DA:25,1
DA:27,0
DA:28,0
DA:43,0
DA:45,0
DA:46,0
DA:47,0
DA:48,0
DA:49,0
DA:54,0
DA:57,0
DA:58,0
DA:61,0
DA:63,0
DA:64,0
DA:65,0
DA:66,0
DA:69,0
DA:70,0
DA:72,0
DA:73,0
DA:74,0
DA:75,0
DA:76,0
DA:78,0
DA:82,0
DA:84,0
DA:85,0
DA:87,0
DA:91,0
DA:92,0
DA:94,0
DA:95,0
DA:96,0
DA:97,0
DA:98,0
DA:100,0
DA:105,0
DA:106,0
DA:108,0
DA:116,0
DA:117,0
DA:121,0
DA:123,0
DA:124,0
DA:125,0
DA:126,0
DA:127,0
DA:129,0
DA:134,0
DA:135,0
DA:137,0
DA:145,0
DA:147,0
DA:148,0
DA:149,0
DA:157,0
DA:158,0
DA:159,0
DA:169,0
DA:170,0
DA:173,0
DA:174,0
DA:175,0
DA:177,0
DA:178,0
DA:179,0
DA:180,0
DA:181,0
DA:182,0
DA:183,0
DA:184,0
DA:185,0
DA:186,0
DA:188,0
DA:189,0
DA:190,0
DA:191,0
DA:197,0
DA:198,0
DA:199,0
DA:200,0
DA:201,0
DA:202,0
DA:205,0
DA:206,0
DA:207,0
LF:87
LH:1
end_of_record
SF:lib\screen\login\RegisterPasswordPage.dart
DA:19,1
DA:21,0
DA:22,0
DA:38,0
DA:40,0
DA:41,0
DA:42,0
DA:43,0
DA:44,0
DA:49,0
DA:52,0
DA:53,0
DA:54,0
DA:57,0
DA:59,0
DA:60,0
DA:61,0
DA:62,0
DA:63,0
DA:64,0
DA:65,0
DA:66,0
DA:67,0
DA:68,0
DA:70,0
DA:72,0
DA:73,0
DA:74,0
DA:75,0
DA:76,0
DA:77,0
DA:78,0
DA:80,0
DA:84,0
DA:85,0
DA:87,0
DA:90,0
DA:91,0
DA:93,0
DA:94,0
DA:95,0
DA:98,0
DA:100,0
DA:102,0
DA:103,0
DA:104,0
DA:105,0
DA:106,0
DA:107,0
DA:109,0
DA:110,0
DA:112,0
DA:113,0
DA:115,0
DA:117,0
DA:119,0
DA:120,0
DA:121,0
DA:124,0
DA:126,0
DA:128,0
DA:129,0
DA:130,0
DA:131,0
DA:132,0
DA:133,0
DA:135,0
DA:136,0
DA:138,0
DA:139,0
DA:140,0
DA:142,0
DA:144,0
DA:145,0
DA:146,0
DA:152,0
DA:153,0
DA:154,0
DA:155,0
DA:156,0
DA:157,0
DA:158,0
DA:160,0
DA:162,0
DA:164,0
DA:165,0
DA:172,0
DA:173,0
DA:182,0
DA:183,0
DA:184,0
LF:91
LH:1
end_of_record
SF:lib\screen\TestPage.dart
DA:14,1
DA:16,0
DA:17,0
DA:25,0
DA:27,0
DA:31,0
DA:35,0
DA:36,0
DA:37,0
DA:39,0
DA:40,0
DA:41,0
DA:43,0
DA:44,0
DA:45,0
DA:54,0
DA:58,0
DA:62,0
DA:64,0
DA:66,0
DA:67,0
DA:68,0
DA:69,0
DA:70,0
DA:72,0
LF:25
LH:1
end_of_record
SF:lib\ConnectivityService.dart
DA:12,0
DA:14,0
DA:18,0
DA:19,0
DA:20,0
DA:22,0
DA:28,0
DA:33,0
DA:34,0
LF:9
LH:0
end_of_record
SF:lib\define.dart
DA:19,0
DA:21,0
DA:32,0
DA:34,0
DA:57,0
DA:59,0
DA:69,0
DA:71,0
DA:72,0
DA:77,0
DA:79,0
DA:85,0
DA:86,0
DA:93,0
DA:94,0
DA:99,0
DA:100,0
DA:102,0
DA:103,0
DA:104,0
DA:109,0
DA:110,0
DA:113,0
DA:114,0
DA:117,0
DA:118,0
DA:121,0
DA:124,0
DA:127,0
DA:128,0
DA:130,0
DA:135,0
DA:140,0
DA:145,0
DA:146,0
DA:147,0
DA:152,0
DA:153,0
DA:154,0
DA:159,0
DA:160,0
DA:161,0
DA:179,0
DA:181,0
DA:183,0
DA:189,0
DA:191,0
DA:192,0
DA:198,0
DA:199,0
DA:206,0
DA:207,0
DA:212,0
DA:213,0
DA:217,0
DA:218,0
DA:219,0
DA:224,0
DA:225,0
DA:231,0
DA:234,0
DA:235,0
DA:237,0
DA:242,0
DA:247,0
DA:252,0
DA:253,0
DA:254,0
DA:259,0
DA:260,0
DA:261,0
DA:266,0
DA:267,0
DA:268,0
DA:279,0
DA:281,0
DA:282,0
DA:283,0
DA:284,0
DA:286,0
DA:308,0
DA:318,0
DA:319,0
DA:323,0
DA:345,0
DA:350,0
DA:351,0
DA:373,0
DA:379,0
DA:380,0
DA:381,0
DA:382,0
DA:390,0
DA:398,0
DA:400,0
DA:401,0
DA:410,0
DA:419,0
DA:421,0
DA:422,0
DA:423,0
DA:424,0
DA:443,0
DA:445,0
DA:447,0
DA:448,0
DA:449,0
DA:451,0
DA:454,0
DA:455,0
DA:456,0
DA:463,0
DA:465,0
DA:467,0
DA:468,0
DA:469,0
DA:470,0
DA:476,0
DA:477,0
DA:478,0
DA:482,0
DA:499,0
DA:500,0
DA:515,0
DA:516,0
DA:532,0
DA:535,0
DA:536,0
DA:537,0
DA:539,0
DA:542,0
DA:545,0
DA:546,0
DA:547,0
DA:549,0
DA:552,0
DA:553,0
DA:556,0
DA:557,0
DA:559,0
DA:566,0
DA:572,0
DA:576,0
DA:581,0
DA:585,0
DA:586,0
DA:589,0
DA:590,0
DA:598,0
DA:599,0
DA:613,0
DA:614,0
DA:617,0
DA:618,0
DA:622,0
DA:623,0
DA:626,0
DA:627,0
DA:644,0
DA:645,0
DA:648,0
LF:161
LH:0
end_of_record
SF:lib\data\DeviceQrData.dart
DA:7,0
DA:9,0
DA:10,0
DA:11,0
DA:12,0
DA:17,0
DA:19,0
DA:20,0
DA:21,0
DA:22,0
DA:23,0
DA:32,0
DA:33,0
DA:36,0
DA:37,0
DA:38,0
DA:39,0
DA:40,0
DA:41,0
DA:48,0
DA:57,0
DA:59,0
DA:60,0
DA:62,0
DA:63,0
DA:64,0
DA:69,0
DA:70,0
DA:71,0
DA:72,0
DA:73,0
LF:31
LH:0
end_of_record
SF:lib\data\Params.dart
DA:2,0
DA:3,0
DA:4,0
DA:5,0
DA:6,0
DA:8,0
LF:6
LH:0
end_of_record
SF:lib\data\apiRequest\AddDevNodeRequest.dart
DA:9,0
DA:15,0
DA:16,0
DA:17,0
DA:18,0
LF:5
LH:0
end_of_record
SF:lib\data\apiResponse\NodeConfigsResponse.dart
DA:6,0
DA:7,0
DA:9,0
DA:10,0
DA:12,0
DA:13,0
DA:26,0
DA:34,0
DA:35,0
DA:36,0
DA:37,0
DA:38,0
DA:39,0
DA:40,0
DA:44,0
DA:45,0
DA:46,0
DA:47,0
DA:48,0
DA:49,0
DA:50,0
LF:21
LH:0
end_of_record
SF:lib\data\apiRequest\AddDeviceRequest.dart
DA:10,0
DA:17,0
DA:18,0
DA:19,0
DA:20,0
DA:21,0
DA:23,0
LF:7
LH:0
end_of_record
SF:lib\data\apiRequest\AppleCheckRequest.dart
DA:5,0
DA:9,0
DA:10,0
DA:11,0
LF:4
LH:0
end_of_record
SF:lib\data\apiRequest\AppleLoginRequest.dart
DA:10,0
DA:16,0
DA:17,0
DA:18,0
DA:19,0
DA:20,0
DA:22,0
DA:25,0
DA:27,0
LF:9
LH:0
end_of_record
SF:lib\data\apiRequest\ChangeUserNameRequest.dart
DA:7,0
DA:11,0
DA:12,0
DA:13,0
DA:15,0
LF:5
LH:0
end_of_record
SF:lib\data\apiRequest\DeleteUserRequest.dart
DA:8,0
DA:14,0
DA:15,0
DA:16,0
DA:17,0
DA:18,0
LF:6
LH:0
end_of_record
SF:lib\data\apiRequest\DeviceGetByIdRequest.dart
DA:9,0
LF:1
LH:0
end_of_record
SF:lib\data\apiRequest\GoogleCheckRequest.dart
DA:5,0
DA:9,0
DA:10,0
DA:11,0
LF:4
LH:0
end_of_record
SF:lib\data\apiRequest\GoogleLoginRequest.dart
DA:10,0
DA:16,0
DA:17,0
DA:18,0
DA:19,0
DA:20,0
DA:22,0
DA:25,0
DA:27,0
LF:9
LH:0
end_of_record
SF:lib\data\apiRequest\HistoryValueStatisticsRequest.dart
DA:13,0
DA:22,0
DA:26,0
DA:27,0
DA:29,0
DA:35,0
DA:39,0
DA:40,0
DA:41,0
DA:42,0
DA:43,0
DA:44,0
DA:45,0
DA:50,0
DA:51,0
DA:52,0
DA:54,0
DA:55,0
DA:56,0
DA:58,0
DA:61,0
DA:63,0
DA:64,0
DA:65,0
DA:67,0
DA:68,0
DA:70,0
DA:71,0
DA:72,0
DA:74,0
DA:77,0
DA:79,0
DA:80,0
DA:81,0
DA:83,0
DA:84,0
DA:86,0
DA:87,0
DA:88,0
DA:90,0
LF:40
LH:0
end_of_record
SF:lib\data\apiRequest\LoginRequest.dart
DA:9,0
DA:14,0
DA:15,0
DA:16,0
DA:17,0
DA:19,0
DA:22,0
DA:24,0
LF:8
LH:0
end_of_record
SF:lib\data\apiRequest\PushInfoSetRequest.dart
DA:10,0
DA:17,0
DA:18,0
DA:19,0
DA:20,0
DA:21,0
DA:22,0
DA:24,0
LF:8
LH:0
end_of_record
SF:lib\data\apiRequest\SendBatteryPriorityModeCmdRequest.dart
DA:5,0
DA:9,0
DA:10,0
DA:11,0
LF:4
LH:0
end_of_record
SF:lib\data\apiRequest\SendPeakShavingModeCmdRequest.dart
DA:12,0
DA:17,0
DA:18,0
DA:19,0
DA:20,0
DA:24,0
DA:26,0
LF:7
LH:0
end_of_record
SF:lib\data\apiRequest\SendSelfUseModeCmdRequest.dart
DA:12,0
DA:18,0
DA:19,0
DA:20,0
DA:21,0
DA:22,0
DA:26,0
DA:28,0
LF:8
LH:0
end_of_record
SF:lib\data\apiRequest\SetAvatarRequest.dart
DA:7,0
DA:11,0
DA:12,0
DA:13,0
DA:15,0
LF:5
LH:0
end_of_record
SF:lib\data\apiRequest\SetPeakShavingModeTimeRequest.dart
DA:12,0
DA:17,0
DA:18,0
DA:19,0
DA:20,0
DA:24,0
DA:34,0
DA:35,0
DA:36,0
DA:38,0
DA:40,0
DA:41,0
DA:42,0
DA:44,0
DA:46,0
DA:47,0
DA:48,0
DA:50,0
DA:52,0
DA:53,0
DA:54,0
DA:56,0
DA:58,0
DA:59,0
DA:60,0
LF:25
LH:0
end_of_record
SF:lib\data\apiRequest\SetSelfUseModeTimeRequest.dart
DA:11,0
DA:16,0
DA:17,0
DA:18,0
DA:19,0
DA:23,0
DA:27,0
DA:28,0
DA:29,0
LF:9
LH:0
end_of_record
SF:lib\data\apiRequest\SetTimeZoneRequest.dart
DA:6,0
DA:11,0
DA:12,0
DA:13,0
DA:14,0
DA:23,0
DA:28,0
DA:29,0
DA:30,0
DA:31,0
LF:10
LH:0
end_of_record
SF:lib\data\apiRequest\UploadAvatarRequest.dart
DA:9,0
DA:15,0
DA:16,0
DA:17,0
DA:18,0
LF:5
LH:0
end_of_record
SF:lib\data\apiRequest\UserNewRequest.dart
DA:9,0
DA:15,0
DA:16,0
DA:17,0
DA:18,0
DA:19,0
DA:21,0
LF:7
LH:0
end_of_record
SF:lib\data\apiRequest\listUserPermissions\ListUserPermissionsParams.dart
DA:4,0
DA:8,0
DA:9,0
DA:10,0
LF:4
LH:0
end_of_record
SF:lib\data\apiRequest\triggerAdd\TriggerAddBody.dart
DA:20,0
DA:38,0
DA:39,0
DA:40,0
DA:41,0
DA:42,0
DA:43,0
DA:44,0
DA:45,0
DA:46,0
DA:47,0
DA:48,0
DA:49,0
DA:50,0
DA:51,0
DA:52,0
DA:53,0
DA:54,0
DA:56,0
DA:59,0
DA:70,0
DA:71,0
DA:72,0
DA:79,0
DA:80,0
DA:85,0
DA:86,0
DA:95,0
DA:109,0
DA:114,0
DA:115,0
DA:116,0
DA:117,0
DA:126,0
DA:130,0
DA:131,0
DA:132,0
DA:141,0
DA:147,0
DA:148,0
DA:149,0
DA:150,0
DA:168,0
DA:177,0
DA:179,0
DA:180,0
DA:181,0
DA:182,0
DA:183,0
DA:184,0
DA:185,0
DA:206,0
DA:223,0
DA:225,0
DA:226,0
DA:227,0
DA:228,0
DA:229,0
DA:230,0
DA:231,0
DA:232,0
DA:233,0
DA:234,0
DA:235,0
DA:236,0
DA:237,0
DA:238,0
DA:239,0
DA:250,0
DA:257,0
DA:259,0
DA:260,0
DA:261,0
DA:262,0
DA:263,0
LF:75
LH:0
end_of_record
SF:lib\data\apiRequest\triggerAdd\TriggerAddParams.dart
DA:4,0
DA:8,0
DA:9,0
DA:10,0
LF:4
LH:0
end_of_record
SF:lib\data\apiResponse\AddDevNodeResponse.dart
DA:5,0
DA:6,0
DA:8,0
DA:9,0
DA:10,0
DA:11,0
DA:19,0
DA:23,0
DA:24,0
DA:25,0
LF:10
LH:0
end_of_record
SF:lib\data\apiResponse\BaseResponse.dart
DA:5,0
DA:7,0
DA:8,0
DA:9,0
DA:10,0
LF:5
LH:0
end_of_record
SF:lib\data\apiResponse\AddDeviceResponse.dart
DA:5,0
DA:6,0
DA:8,0
DA:9,0
DA:10,0
DA:11,0
DA:20,0
DA:25,0
DA:26,0
DA:27,0
DA:28,0
LF:11
LH:0
end_of_record
SF:lib\data\apiResponse\AppleCheckResponse.dart
DA:6,0
DA:8,0
DA:10,0
DA:11,0
DA:12,0
LF:5
LH:0
end_of_record
SF:lib\data\apiResponse\CardType.dart
DA:27,0
DA:52,0
DA:54,0
DA:55,0
DA:56,0
DA:57,0
DA:58,0
DA:59,0
DA:60,0
DA:61,0
DA:62,0
DA:63,0
DA:64,0
DA:65,0
DA:66,0
DA:67,0
DA:68,0
DA:69,0
DA:70,0
DA:71,0
DA:72,0
DA:73,0
DA:74,0
DA:75,0
DA:76,0
DA:79,0
DA:89,0
DA:91,0
DA:92,0
DA:93,0
DA:94,0
DA:95,0
DA:96,0
DA:105,0
DA:106,0
DA:107,0
DA:108,0
DA:111,0
DA:112,0
LF:39
LH:0
end_of_record
SF:lib\data\apiResponse\ChangeUserNameResponse.dart
DA:4,0
DA:5,0
DA:7,0
DA:8,0
DA:9,0
DA:10,0
LF:6
LH:0
end_of_record
SF:lib\data\apiResponse\DeleteUserResponse.dart
DA:5,0
DA:6,0
DA:8,0
DA:9,0
DA:10,0
DA:11,0
LF:6
LH:0
end_of_record
SF:lib\data\apiResponse\DeviceEnergyData.dart
DA:10,0
DA:20,0
DA:21,0
DA:22,0
DA:23,0
DA:24,0
DA:25,0
DA:26,0
DA:27,0
DA:28,0
LF:10
LH:0
end_of_record
SF:lib\data\apiResponse\DeviceGetByIdResponse.dart
DA:18,0
DA:34,0
DA:36,0
DA:37,0
DA:38,0
DA:39,0
DA:40,0
DA:41,0
DA:42,0
DA:43,0
DA:44,0
DA:45,0
DA:46,0
DA:47,0
DA:48,0
DA:49,0
DA:51,0
DA:60,0
DA:65,0
DA:66,0
DA:67,0
DA:68,0
DA:84,0
DA:96,0
DA:97,0
DA:98,0
DA:99,0
DA:100,0
DA:101,0
DA:102,0
DA:103,0
DA:104,0
DA:105,0
DA:106,0
DA:157,0
DA:204,0
DA:218,0
DA:219,0
DA:222,0
DA:225,0
DA:226,0
DA:228,0
DA:231,0
DA:232,0
DA:234,0
DA:237,0
DA:238,0
DA:240,0
DA:243,0
DA:244,0
DA:246,0
DA:249,0
DA:250,0
DA:253,0
DA:254,0
DA:257,0
DA:258,0
DA:261,0
DA:262,0
DA:265,0
DA:266,0
DA:269,0
DA:270,0
DA:273,0
DA:274,0
DA:277,0
DA:278,0
DA:281,0
DA:282,0
DA:283,0
DA:284,0
DA:286,0
DA:287,0
DA:288,0
DA:289,0
DA:290,0
DA:292,0
DA:293,0
DA:294,0
DA:295,0
DA:296,0
DA:297,0
DA:298,0
DA:300,0
DA:301,0
DA:302,0
DA:303,0
DA:304,0
DA:305,0
DA:306,0
DA:308,0
DA:309,0
DA:310,0
DA:311,0
DA:313,0
DA:314,0
DA:315,0
DA:316,0
DA:317,0
LF:99
LH:0
end_of_record
SF:lib\data\apiResponse\DeviceListResponse.dart
DA:9,0
DA:11,0
DA:12,0
DA:13,0
DA:15,0
DA:16,0
DA:37,0
DA:53,0
DA:55,0
DA:56,0
DA:57,0
DA:58,0
DA:59,0
DA:60,0
DA:61,0
DA:62,0
DA:63,0
DA:64,0
DA:65,0
DA:66,0
DA:67,0
DA:68,0
DA:71,0
DA:81,0
DA:87,0
DA:88,0
DA:89,0
DA:90,0
DA:91,0
DA:108,0
DA:120,0
DA:121,0
DA:122,0
DA:123,0
DA:124,0
DA:125,0
DA:126,0
DA:127,0
DA:128,0
DA:129,0
DA:130,0
DA:181,0
DA:228,0
DA:243,0
DA:244,0
DA:247,0
DA:250,0
DA:251,0
DA:253,0
DA:256,0
DA:257,0
DA:259,0
DA:262,0
DA:263,0
DA:265,0
DA:268,0
DA:269,0
DA:271,0
DA:274,0
DA:275,0
DA:277,0
DA:278,0
DA:280,0
DA:281,0
DA:283,0
DA:284,0
DA:286,0
DA:287,0
DA:289,0
DA:290,0
DA:292,0
DA:293,0
DA:295,0
DA:296,0
DA:298,0
DA:299,0
DA:300,0
DA:301,0
DA:303,0
DA:304,0
DA:305,0
DA:306,0
DA:307,0
DA:309,0
DA:310,0
DA:311,0
DA:312,0
DA:313,0
DA:314,0
DA:315,0
DA:317,0
DA:318,0
DA:319,0
DA:320,0
DA:321,0
DA:322,0
DA:323,0
DA:325,0
DA:326,0
DA:327,0
DA:328,0
DA:330,0
DA:331,0
DA:332,0
DA:333,0
DA:334,0
LF:106
LH:0
end_of_record
SF:lib\data\apiResponse\EnergyData.dart
DA:6,0
DA:8,0
DA:10,0
DA:12,0
DA:13,0
DA:22,0
DA:28,0
DA:34,0
DA:35,0
DA:36,0
LF:10
LH:0
end_of_record
SF:lib\data\apiResponse\GoogleCheckResponse.dart
DA:6,0
DA:8,0
DA:10,0
DA:11,0
DA:12,0
LF:5
LH:0
end_of_record
SF:lib\data\apiResponse\ListUserPermissionsResponse.dart
DA:5,0
DA:6,0
DA:8,0
DA:9,0
DA:10,0
DA:12,0
DA:13,0
DA:14,0
DA:15,0
DA:17,0
DA:20,0
DA:21,0
DA:31,0
DA:33,0
DA:34,0
DA:35,0
DA:36,0
LF:17
LH:0
end_of_record
SF:lib\data\apiResponse\LoginResponse.dart
DA:5,0
DA:6,0
DA:8,0
DA:9,0
DA:10,0
DA:11,0
DA:25,0
DA:35,0
DA:36,0
DA:37,0
DA:38,0
DA:39,0
DA:40,0
DA:41,0
DA:42,0
DA:43,0
DA:47,0
DA:48,0
LF:18
LH:0
end_of_record
SF:lib\data\apiResponse\ResponseBase.dart
DA:5,0
DA:7,0
DA:8,0
DA:9,0
DA:10,0
DA:14,0
LF:6
LH:0
end_of_record
SF:lib\data\apiResponse\SetAvatarResponse.dart
DA:5,0
DA:6,0
DA:8,0
DA:9,0
DA:10,0
DA:11,0
LF:6
LH:0
end_of_record
SF:lib\data\apiResponse\SetGroupResponse.dart
DA:5,0
DA:6,0
DA:8,0
DA:9,0
DA:10,0
DA:11,0
LF:6
LH:0
end_of_record
SF:lib\data\apiResponse\SetUserResponse.dart
DA:5,0
DA:6,0
DA:8,0
DA:9,0
DA:10,0
DA:11,0
LF:6
LH:0
end_of_record
SF:lib\data\apiResponse\SimpleApiResult.dart
DA:4,0
DA:8,0
DA:10,0
DA:11,0
DA:12,0
DA:15,0
DA:16,0
LF:7
LH:0
end_of_record
SF:lib\data\apiResponse\TreeDataResponse.dart
DA:5,0
DA:7,0
DA:8,0
DA:9,0
DA:11,0
DA:12,0
DA:27,0
DA:37,0
DA:38,0
DA:39,0
DA:40,0
DA:41,0
DA:42,0
DA:43,0
DA:44,0
DA:45,0
LF:16
LH:0
end_of_record
SF:lib\data\apiResponse\UploadAvatarResponse.dart
DA:5,0
DA:6,0
DA:8,0
DA:9,0
DA:10,0
DA:11,0
LF:6
LH:0
end_of_record
SF:lib\data\apiResponse\UserDetailInfoResponse.dart
DA:5,0
DA:6,0
DA:8,0
DA:9,0
DA:10,0
DA:11,0
DA:15,0
DA:28,0
DA:39,0
DA:40,0
DA:41,0
DA:42,0
DA:43,0
DA:44,0
DA:45,0
DA:46,0
DA:47,0
DA:48,0
DA:49,0
DA:50,0
DA:64,0
DA:73,0
DA:74,0
DA:75,0
DA:76,0
DA:77,0
DA:78,0
DA:79,0
DA:80,0
LF:29
LH:0
end_of_record
SF:lib\data\apiResponse\UserInfoResponse.dart
DA:5,0
DA:6,0
DA:8,0
DA:9,0
DA:10,0
DA:11,0
DA:15,0
DA:28,0
DA:39,0
DA:40,0
DA:41,0
DA:42,0
DA:43,0
DA:44,0
DA:45,0
DA:46,0
DA:47,0
DA:48,0
DA:49,0
DA:50,0
DA:64,0
DA:73,0
DA:74,0
DA:75,0
DA:76,0
DA:77,0
DA:78,0
DA:79,0
DA:80,0
LF:29
LH:0
end_of_record
SF:lib\data\apiResponse\UserNewResponse.dart
DA:5,0
DA:6,0
DA:8,0
DA:9,0
DA:10,0
DA:11,0
LF:6
LH:0
end_of_record
SF:lib\data\apiResponse\WidgetDataResponse.dart
DA:7,0
DA:8,0
DA:10,0
DA:11,0
DA:12,0
DA:13,0
DA:17,0
DA:18,0
DA:33,0
DA:46,0
DA:47,0
DA:48,0
DA:51,0
DA:52,0
DA:55,0
DA:56,0
DA:59,0
DA:60,0
DA:61,0
DA:62,0
DA:63,0
DA:66,0
DA:68,0
DA:69,0
DA:78,0
DA:83,0
DA:84,0
DA:85,0
DA:86,0
DA:87,0
DA:90,0
DA:91,0
LF:32
LH:0
end_of_record
SF:lib\data\chart\ChartConfig.dart
DA:12,0
DA:21,0
DA:28,0
DA:29,0
DA:30,0
DA:37,0
DA:44,0
DA:51,0
DA:67,0
DA:69,0
LF:10
LH:0
end_of_record
SF:lib\data\chart\ChartInfo.dart
DA:11,0
DA:18,0
DA:19,0
DA:20,0
DA:24,0
DA:26,0
DA:27,0
DA:28,0
DA:29,0
DA:32,0
DA:33,0
DA:37,0
DA:39,0
DA:40,0
DA:41,0
DA:42,0
DA:45,0
DA:46,0
DA:50,0
DA:52,0
DA:53,0
DA:54,0
DA:55,0
DA:58,0
DA:59,0
DA:63,0
DA:65,0
DA:66,0
DA:67,0
DA:68,0
DA:71,0
DA:72,0
DA:76,0
DA:78,0
DA:79,0
DA:80,0
DA:81,0
DA:84,0
DA:85,0
DA:89,0
DA:91,0
DA:92,0
DA:93,0
DA:94,0
DA:97,0
DA:98,0
DA:102,0
DA:104,0
DA:105,0
DA:106,0
DA:107,0
DA:110,0
DA:111,0
DA:115,0
DA:117,0
DA:118,0
DA:119,0
DA:120,0
DA:123,0
DA:124,0
DA:128,0
DA:130,0
DA:131,0
DA:132,0
DA:133,0
DA:137,0
DA:141,0
DA:143,0
DA:144,0
DA:145,0
DA:146,0
LF:71
LH:0
end_of_record
SF:lib\data\chart\ChartDetailData.dart
DA:9,0
LF:1
LH:0
end_of_record
SF:lib\data\chart\ChartDetailType.dart
DA:10,0
DA:20,0
DA:21,0
DA:28,0
DA:29,0
DA:36,0
DA:37,0
DA:44,0
DA:45,0
DA:52,0
DA:53,0
DA:60,0
DA:61,0
DA:69,0
LF:14
LH:0
end_of_record
SF:lib\screen\BaseChartDetailState.dart
DA:9,0
DA:13,0
LF:2
LH:0
end_of_record
SF:lib\utils\widgets\chart\info\BaselineBarChartInfo.dart
DA:13,0
DA:28,0
DA:29,0
DA:41,0
DA:43,0
DA:44,0
DA:45,0
DA:46,0
DA:50,0
DA:53,0
DA:54,0
DA:55,0
DA:56,0
DA:61,0
DA:63,0
DA:64,0
DA:65,0
DA:66,0
DA:67,0
DA:68,0
DA:69,0
DA:70,0
DA:71,0
DA:73,0
DA:76,0
DA:78,0
DA:79,0
DA:80,0
DA:82,0
DA:83,0
DA:85,0
DA:88,0
DA:89,0
DA:91,0
DA:93,0
DA:94,0
DA:96,0
DA:98,0
DA:99,0
DA:101,0
DA:103,0
DA:107,0
DA:109,0
DA:111,0
DA:112,0
DA:114,0
DA:116,0
DA:117,0
DA:118,0
DA:119,0
DA:120,0
DA:121,0
DA:123,0
DA:125,0
DA:132,0
DA:134,0
DA:136,0
DA:137,0
DA:139,0
DA:141,0
DA:143,0
DA:144,0
DA:145,0
DA:146,0
DA:147,0
DA:149,0
DA:151,0
DA:153,0
DA:154,0
DA:156,0
DA:157,0
DA:158,0
DA:159,0
DA:160,0
DA:161,0
DA:162,0
LF:76
LH:0
end_of_record
SF:lib\utils\widgets\chart\info\SymmetricBarChartInfo.dart
DA:15,0
DA:30,0
DA:31,0
DA:43,0
DA:45,0
DA:46,0
DA:47,0
DA:48,0
DA:49,0
DA:52,0
DA:54,0
DA:55,0
DA:56,0
DA:57,0
DA:61,0
DA:63,0
DA:65,0
DA:66,0
DA:67,0
DA:68,0
DA:69,0
DA:70,0
DA:71,0
DA:72,0
DA:73,0
DA:74,0
DA:76,0
DA:79,0
DA:81,0
DA:82,0
DA:85,0
DA:86,0
DA:88,0
DA:89,0
DA:90,0
DA:92,0
DA:93,0
DA:94,0
DA:95,0
DA:97,0
DA:100,0
DA:101,0
DA:102,0
DA:105,0
DA:106,0
DA:107,0
DA:109,0
DA:110,0
DA:115,0
DA:117,0
DA:118,0
DA:119,0
DA:121,0
DA:122,0
DA:123,0
DA:124,0
DA:127,0
DA:128,0
DA:129,0
DA:131,0
DA:132,0
DA:133,0
DA:134,0
DA:135,0
DA:136,0
DA:137,0
DA:138,0
DA:140,0
DA:141,0
DA:142,0
DA:143,0
DA:144,0
DA:146,0
DA:152,0
DA:153,0
DA:155,0
DA:159,0
DA:160,0
DA:161,0
DA:162,0
DA:163,0
DA:165,0
DA:166,0
DA:167,0
DA:168,0
DA:169,0
DA:171,0
DA:179,0
DA:180,0
DA:182,0
DA:183,0
DA:184,0
DA:185,0
DA:187,0
DA:193,0
DA:196,0
DA:197,0
DA:199,0
LF:98
LH:0
end_of_record
SF:lib\utils\widgets\chart\info\TrendLineChartInfo.dart
DA:14,0
DA:29,0
DA:30,0
DA:41,0
DA:43,0
DA:44,0
DA:47,0
DA:50,0
DA:51,0
DA:55,0
DA:57,0
DA:58,0
DA:60,0
DA:61,0
DA:62,0
DA:63,0
DA:68,0
DA:69,0
DA:72,0
DA:73,0
DA:74,0
DA:77,0
DA:78,0
DA:79,0
DA:80,0
DA:83,0
DA:84,0
DA:86,0
DA:88,0
DA:96,0
DA:98,0
DA:99,0
DA:100,0
DA:102,0
DA:103,0
DA:104,0
DA:105,0
DA:106,0
DA:108,0
DA:109,0
DA:110,0
DA:111,0
DA:112,0
DA:113,0
DA:115,0
DA:117,0
DA:119,0
DA:120,0
LF:48
LH:0
end_of_record
SF:lib\utils\widgets\chart\info\VerticalBarChartInfo.dart
DA:13,0
DA:28,0
DA:29,0
DA:41,0
DA:43,0
DA:44,0
DA:45,0
DA:46,0
DA:50,0
DA:53,0
DA:54,0
DA:55,0
DA:56,0
DA:61,0
DA:63,0
DA:64,0
DA:65,0
DA:66,0
DA:67,0
DA:68,0
DA:69,0
DA:70,0
DA:71,0
DA:73,0
DA:76,0
DA:78,0
DA:79,0
DA:80,0
DA:82,0
DA:83,0
DA:85,0
DA:88,0
DA:89,0
DA:91,0
DA:93,0
DA:94,0
DA:95,0
DA:97,0
DA:98,0
DA:100,0
DA:102,0
DA:106,0
DA:107,0
DA:109,0
DA:110,0
DA:112,0
DA:114,0
DA:115,0
DA:116,0
DA:117,0
DA:118,0
DA:119,0
DA:121,0
DA:123,0
LF:54
LH:0
end_of_record
SF:lib\data\chart\ChartType.dart
DA:10,0
DA:14,0
DA:15,0
DA:18,0
DA:19,0
DA:25,0
DA:26,0
DA:32,0
DA:33,0
DA:39,0
DA:40,0
DA:47,0
LF:12
LH:0
end_of_record
SF:lib\utils\widgets\chart\BaselineBarChart.dart
DA:10,0
DA:22,0
DA:23,0
DA:54,0
DA:56,0
DA:57,0
DA:60,0
DA:63,0
DA:64,0
DA:67,0
DA:68,0
DA:69,0
DA:73,0
DA:75,0
DA:77,0
DA:78,0
DA:79,0
DA:80,0
DA:85,0
DA:88,0
DA:90,0
DA:91,0
DA:92,0
DA:93,0
DA:96,0
DA:98,0
DA:99,0
DA:100,0
DA:107,0
DA:115,0
DA:116,0
DA:122,0
DA:124,0
DA:125,0
DA:126,0
DA:127,0
DA:128,0
DA:129,0
DA:130,0
DA:132,0
DA:133,0
DA:134,0
DA:135,0
DA:136,0
DA:137,0
DA:138,0
DA:139,0
DA:140,0
DA:141,0
DA:142,0
DA:144,0
DA:146,0
DA:148,0
DA:152,0
DA:154,0
DA:155,0
DA:157,0
DA:158,0
DA:171,0
DA:175,0
DA:176,0
DA:179,0
DA:180,0
DA:185,0
DA:192,0
DA:194,0
DA:198,0
DA:199,0
DA:202,0
DA:203,0
DA:204,0
DA:205,0
DA:206,0
DA:207,0
DA:209,0
DA:210,0
DA:211,0
DA:212,0
DA:213,0
DA:214,0
DA:217,0
DA:218,0
DA:221,0
DA:224,0
DA:225,0
DA:226,0
DA:227,0
DA:228,0
DA:231,0
DA:235,0
DA:239,0
DA:241,0
DA:242,0
DA:243,0
DA:247,0
DA:249,0
DA:250,0
DA:260,0
DA:263,0
DA:264,0
DA:265,0
DA:267,0
DA:269,0
DA:270,0
DA:271,0
DA:272,0
DA:276,0
DA:277,0
DA:278,0
DA:281,0
DA:282,0
DA:283,0
DA:285,0
DA:286,0
DA:287,0
DA:289,0
DA:291,0
DA:292,0
DA:293,0
DA:294,0
DA:297,0
DA:301,0
DA:318,0
DA:326,0
DA:327,0
DA:328,0
DA:330,0
DA:331,0
DA:332,0
DA:333,0
DA:334,0
DA:335,0
DA:338,0
DA:339,0
DA:342,0
DA:343,0
DA:346,0
DA:347,0
DA:363,0
DA:367,0
DA:369,0
DA:370,0
DA:373,0
DA:374,0
DA:375,0
DA:377,0
DA:387,0
DA:388,0
DA:391,0
DA:392,0
DA:393,0
DA:394,0
DA:404,0
DA:406,0
DA:407,0
DA:408,0
DA:409,0
DA:410,0
DA:411,0
DA:412,0
DA:414,0
DA:415,0
DA:417,0
DA:419,0
DA:420,0
DA:422,0
DA:423,0
DA:424,0
DA:425,0
DA:426,0
DA:427,0
DA:431,0
DA:433,0
DA:434,0
DA:435,0
DA:437,0
DA:439,0
DA:441,0
DA:442,0
DA:443,0
DA:444,0
DA:446,0
DA:447,0
DA:451,0
LF:184
LH:0
end_of_record
SF:lib\utils\widgets\chart\StackBarChart.dart
DA:9,0
DA:14,0
DA:15,0
DA:55,0
DA:58,0
DA:59,0
DA:62,0
DA:65,0
DA:68,0
DA:71,0
DA:74,0
DA:77,0
DA:84,0
DA:85,0
DA:86,0
DA:97,0
DA:99,0
DA:103,0
DA:105,0
DA:107,0
DA:108,0
DA:109,0
DA:115,0
DA:117,0
DA:119,0
DA:120,0
DA:121,0
DA:122,0
DA:123,0
DA:124,0
DA:125,0
DA:126,0
DA:127,0
DA:128,0
DA:129,0
DA:130,0
DA:131,0
DA:133,0
DA:135,0
DA:136,0
DA:137,0
DA:139,0
DA:140,0
DA:141,0
DA:142,0
DA:146,0
DA:147,0
DA:148,0
DA:151,0
DA:154,0
DA:156,0
DA:157,0
DA:160,0
DA:173,0
DA:177,0
DA:181,0
DA:182,0
DA:183,0
DA:194,0
DA:196,0
DA:199,0
DA:200,0
DA:201,0
DA:202,0
DA:203,0
DA:204,0
DA:205,0
DA:206,0
DA:209,0
DA:213,0
DA:214,0
DA:215,0
DA:217,0
DA:218,0
DA:219,0
DA:222,0
DA:223,0
DA:226,0
DA:227,0
DA:230,0
DA:231,0
DA:234,0
DA:235,0
DA:238,0
DA:239,0
DA:253,0
DA:257,0
DA:258,0
DA:259,0
DA:260,0
DA:263,0
DA:264,0
DA:265,0
DA:267,0
DA:277,0
DA:278,0
DA:281,0
DA:282,0
DA:283,0
DA:284,0
DA:288,0
DA:290,0
DA:291,0
DA:292,0
DA:293,0
DA:294,0
DA:298,0
DA:299,0
DA:300,0
DA:301,0
DA:302,0
DA:303,0
DA:304,0
LF:113
LH:0
end_of_record
SF:lib\utils\widgets\chart\SymmetricBarChart.dart
DA:11,0
DA:23,0
DA:24,0
DA:41,0
DA:43,0
DA:44,0
DA:45,0
DA:63,0
DA:65,0
DA:66,0
DA:67,0
DA:68,0
DA:71,0
DA:73,0
DA:75,0
DA:76,0
DA:77,0
DA:82,0
DA:84,0
DA:85,0
DA:86,0
DA:88,0
DA:89,0
DA:91,0
DA:92,0
DA:94,0
DA:96,0
DA:98,0
DA:99,0
DA:102,0
DA:103,0
DA:104,0
DA:108,0
DA:111,0
DA:112,0
DA:113,0
DA:117,0
DA:118,0
DA:119,0
DA:124,0
DA:125,0
DA:126,0
DA:128,0
DA:129,0
DA:133,0
DA:135,0
DA:136,0
DA:138,0
DA:139,0
DA:143,0
DA:146,0
DA:147,0
DA:150,0
DA:151,0
DA:152,0
DA:154,0
DA:156,0
DA:158,0
DA:160,0
DA:162,0
DA:163,0
DA:164,0
DA:165,0
DA:166,0
DA:167,0
DA:173,0
DA:177,0
DA:178,0
DA:179,0
DA:180,0
DA:181,0
DA:182,0
DA:188,0
DA:190,0
DA:192,0
DA:193,0
DA:194,0
DA:195,0
DA:196,0
DA:197,0
DA:203,0
DA:204,0
DA:205,0
DA:207,0
DA:208,0
DA:209,0
DA:210,0
DA:211,0
DA:212,0
DA:224,0
DA:226,0
DA:228,0
DA:230,0
DA:232,0
DA:233,0
DA:234,0
DA:235,0
DA:236,0
DA:237,0
DA:238,0
DA:239,0
DA:240,0
DA:241,0
DA:242,0
DA:243,0
DA:244,0
DA:245,0
DA:246,0
DA:247,0
DA:248,0
DA:249,0
DA:250,0
DA:251,0
DA:253,0
DA:254,0
DA:255,0
DA:256,0
DA:257,0
DA:260,0
DA:266,0
DA:267,0
DA:268,0
DA:270,0
DA:271,0
DA:272,0
DA:273,0
DA:277,0
DA:278,0
DA:279,0
DA:281,0
DA:283,0
DA:284,0
DA:287,0
DA:290,0
DA:295,0
DA:296,0
DA:299,0
DA:302,0
DA:303,0
DA:306,0
DA:307,0
DA:314,0
DA:318,0
DA:319,0
DA:320,0
DA:321,0
DA:322,0
DA:323,0
DA:328,0
DA:330,0
DA:334,0
DA:338,0
DA:339,0
DA:340,0
DA:341,0
DA:342,0
DA:344,0
DA:345,0
DA:346,0
DA:347,0
DA:348,0
DA:350,0
DA:356,0
DA:357,0
DA:358,0
DA:360,0
DA:361,0
DA:362,0
DA:363,0
DA:367,0
DA:368,0
DA:369,0
DA:370,0
DA:371,0
DA:374,0
DA:377,0
DA:382,0
DA:383,0
DA:386,0
DA:389,0
DA:390,0
DA:393,0
DA:394,0
DA:401,0
DA:405,0
DA:406,0
DA:407,0
DA:408,0
DA:409,0
DA:410,0
DA:411,0
DA:415,0
DA:422,0
DA:424,0
DA:428,0
DA:432,0
DA:433,0
DA:434,0
DA:436,0
DA:437,0
DA:438,0
DA:441,0
DA:442,0
DA:445,0
DA:446,0
DA:449,0
DA:450,0
DA:453,0
DA:454,0
DA:457,0
DA:458,0
DA:471,0
DA:473,0
DA:474,0
DA:475,0
DA:476,0
DA:477,0
DA:478,0
DA:479,0
DA:482,0
DA:483,0
DA:484,0
DA:485,0
DA:487,0
DA:488,0
DA:489,0
DA:491,0
DA:492,0
DA:494,0
DA:495,0
DA:496,0
DA:499,0
DA:500,0
DA:503,0
DA:504,0
DA:505,0
DA:506,0
DA:509,0
DA:511,0
DA:512,0
DA:513,0
DA:515,0
DA:516,0
DA:519,0
DA:520,0
DA:522,0
DA:523,0
DA:524,0
DA:527,0
DA:528,0
DA:531,0
DA:532,0
DA:536,0
DA:537,0
LF:254
LH:0
end_of_record
SF:lib\utils\widgets\chart\TrendLineChart.dart
DA:10,0
DA:22,0
DA:23,0
DA:93,0
DA:95,0
DA:96,0
DA:99,0
DA:102,0
DA:104,0
DA:106,0
DA:107,0
DA:108,0
DA:110,0
DA:111,0
DA:116,0
DA:119,0
DA:120,0
DA:123,0
DA:124,0
DA:125,0
DA:127,0
DA:134,0
DA:135,0
DA:139,0
DA:140,0
DA:142,0
DA:143,0
DA:145,0
DA:146,0
DA:150,0
DA:151,0
DA:154,0
DA:155,0
DA:158,0
DA:159,0
DA:169,0
DA:172,0
DA:173,0
DA:174,0
DA:175,0
DA:178,0
DA:179,0
DA:180,0
DA:184,0
DA:185,0
DA:186,0
DA:190,0
DA:192,0
DA:198,0
DA:205,0
DA:213,0
DA:214,0
DA:218,0
DA:225,0
DA:227,0
DA:232,0
DA:233,0
DA:236,0
DA:237,0
DA:240,0
DA:241,0
DA:242,0
DA:244,0
DA:245,0
DA:246,0
DA:247,0
DA:249,0
DA:250,0
DA:255,0
DA:256,0
DA:257,0
DA:258,0
DA:259,0
DA:264,0
DA:265,0
DA:266,0
DA:274,0
DA:276,0
DA:279,0
DA:281,0
DA:286,0
DA:287,0
DA:295,0
DA:297,0
DA:300,0
DA:302,0
DA:304,0
DA:308,0
DA:309,0
DA:317,0
DA:318,0
DA:323,0
DA:325,0
DA:326,0
DA:329,0
DA:331,0
DA:334,0
DA:336,0
DA:341,0
DA:342,0
DA:347,0
DA:349,0
DA:350,0
DA:357,0
DA:358,0
DA:361,0
DA:363,0
DA:366,0
DA:368,0
DA:373,0
DA:374,0
DA:387,0
DA:389,0
DA:390,0
DA:394,0
DA:397,0
DA:398,0
DA:399,0
DA:400,0
DA:401,0
DA:402,0
DA:404,0
DA:405,0
DA:408,0
DA:409,0
DA:414,0
DA:415,0
DA:417,0
DA:418,0
DA:419,0
DA:420,0
DA:421,0
DA:422,0
DA:424,0
DA:425,0
DA:427,0
DA:429,0
DA:430,0
DA:432,0
DA:433,0
DA:434,0
DA:435,0
DA:436,0
DA:437,0
DA:441,0
DA:443,0
DA:444,0
DA:445,0
DA:447,0
DA:449,0
DA:451,0
DA:452,0
DA:454,0
DA:455,0
DA:459,0
DA:460,0
DA:461,0
DA:463,0
LF:158
LH:0
end_of_record
SF:lib\utils\widgets\chart\VerticalBarChart.dart
DA:10,0
DA:22,0
DA:23,0
DA:56,0
DA:58,0
DA:59,0
DA:62,0
DA:65,0
DA:66,0
DA:69,0
DA:70,0
DA:71,0
DA:75,0
DA:77,0
DA:79,0
DA:80,0
DA:81,0
DA:82,0
DA:87,0
DA:90,0
DA:91,0
DA:92,0
DA:93,0
DA:94,0
DA:95,0
DA:96,0
DA:98,0
DA:99,0
DA:101,0
DA:103,0
DA:104,0
DA:106,0
DA:107,0
DA:108,0
DA:109,0
DA:110,0
DA:111,0
DA:115,0
DA:117,0
DA:118,0
DA:119,0
DA:121,0
DA:123,0
DA:125,0
DA:126,0
DA:127,0
DA:128,0
DA:130,0
DA:131,0
DA:135,0
DA:137,0
DA:138,0
DA:139,0
DA:140,0
DA:143,0
DA:145,0
DA:146,0
DA:147,0
DA:154,0
DA:162,0
DA:163,0
DA:169,0
DA:171,0
DA:172,0
DA:173,0
DA:174,0
DA:175,0
DA:176,0
DA:177,0
DA:179,0
DA:180,0
DA:181,0
DA:182,0
DA:183,0
DA:184,0
DA:185,0
DA:186,0
DA:187,0
DA:188,0
DA:189,0
DA:191,0
DA:192,0
DA:194,0
DA:198,0
DA:199,0
DA:200,0
DA:202,0
DA:203,0
DA:204,0
DA:205,0
DA:209,0
DA:210,0
DA:211,0
DA:214,0
DA:217,0
DA:219,0
DA:220,0
DA:222,0
DA:223,0
DA:236,0
DA:240,0
DA:241,0
DA:244,0
DA:245,0
DA:250,0
DA:257,0
DA:259,0
DA:263,0
DA:264,0
DA:269,0
DA:270,0
DA:271,0
DA:273,0
DA:274,0
DA:275,0
DA:276,0
DA:277,0
DA:278,0
DA:281,0
DA:282,0
DA:298,0
DA:302,0
DA:304,0
DA:305,0
DA:308,0
DA:309,0
DA:310,0
DA:312,0
DA:322,0
DA:323,0
DA:326,0
DA:327,0
DA:328,0
DA:329,0
LF:134
LH:0
end_of_record
SF:lib\data\chart\PieChartType.dart
DA:8,0
DA:10,0
DA:11,0
DA:12,0
DA:13,0
DA:15,0
LF:6
LH:0
end_of_record
SF:lib\utils\widgets\chart\pieChart\BaselinePieChart.dart
DA:7,0
DA:21,0
DA:22,0
DA:29,0
DA:31,0
DA:33,0
DA:35,0
DA:36,0
DA:37,0
DA:42,0
DA:43,0
DA:44,0
DA:48,0
DA:49,0
DA:51,0
DA:60,0
DA:61,0
DA:62,0
DA:66,0
DA:73,0
DA:74,0
DA:75,0
DA:76,0
DA:77,0
DA:78,0
DA:89,0
DA:92,0
DA:93,0
DA:94,0
LF:29
LH:0
end_of_record
SF:lib\utils\widgets\chart\pieChart\MultiplePieChart.dart
DA:9,0
DA:14,0
DA:15,0
DA:22,0
DA:24,0
DA:25,0
DA:26,0
DA:27,0
DA:28,0
DA:29,0
DA:30,0
DA:32,0
DA:38,0
DA:40,0
DA:41,0
DA:42,0
DA:43,0
DA:44,0
DA:45,0
DA:46,0
DA:50,0
DA:51,0
DA:54,0
DA:55,0
DA:63,0
LF:25
LH:0
end_of_record
SF:lib\data\fakeData\FakeData.dart
DA:4,0
DA:14,0
DA:15,0
DA:16,0
DA:18,0
DA:22,0
DA:23,0
DA:28,0
DA:33,0
DA:38,0
DA:45,0
DA:46,0
DA:52,0
DA:54,0
DA:60,0
DA:62,0
DA:68,0
DA:70,0
DA:76,0
DA:78,0
DA:84,0
DA:86,0
DA:94,0
DA:98,0
DA:99,0
DA:100,0
DA:101,0
DA:102,0
DA:106,0
DA:145,0
DA:158,0
DA:174,0
LF:32
LH:0
end_of_record
SF:lib\data\mode\ModeData.dart
DA:17,0
DA:33,0
DA:46,0
DA:47,0
DA:48,0
DA:49,0
DA:50,0
DA:51,0
DA:52,0
DA:53,0
DA:54,0
DA:55,0
DA:56,0
DA:57,0
LF:14
LH:0
end_of_record
SF:lib\data\personal\SystemSettingData.dart
DA:7,0
DA:15,0
LF:2
LH:0
end_of_record
SF:lib\screen\BasePageState.dart
DA:9,0
DA:10,0
DA:11,0
DA:15,0
DA:17,0
DA:18,0
LF:6
LH:0
end_of_record
SF:lib\utils\toast\src\core\toastification.dart
DA:41,0
DA:77,0
DA:80,0
DA:83,0
DA:112,0
DA:124,0
DA:126,0
DA:130,0
DA:132,0
DA:134,0
DA:140,0
DA:169,0
DA:179,0
DA:181,0
DA:189,0
DA:215,0
DA:245,0
DA:254,0
DA:255,0
DA:287,0
DA:289,0
DA:290,0
DA:306,0
DA:310,0
DA:313,0
DA:321,0
DA:322,0
DA:323,0
DA:330,0
DA:334,0
DA:337,0
LF:31
LH:0
end_of_record
SF:lib\utils\toast\src\widget\built_in\built_in.dart
DA:46,0
DA:47,0
DA:49,0
DA:56,0
DA:85,0
DA:87,0
DA:88,0
DA:89,0
DA:91,0
DA:94,0
DA:99,0
DA:102,0
DA:104,0
DA:106,0
DA:107,0
DA:108,0
DA:110,0
DA:113,0
DA:115,0
DA:117,0
DA:118,0
DA:119,0
LF:22
LH:0
end_of_record
SF:lib\viewModel\EnergyModeViewModel.dart
DA:16,0
DA:18,0
DA:46,0
DA:48,0
DA:50,0
DA:51,0
DA:52,0
DA:53,0
DA:55,0
DA:56,0
DA:57,0
DA:59,0
DA:60,0
DA:63,0
DA:69,0
DA:70,0
DA:71,0
DA:72,0
DA:73,0
DA:76,0
DA:77,0
DA:78,0
DA:79,0
DA:80,0
DA:81,0
DA:82,0
DA:83,0
DA:84,0
DA:85,0
DA:86,0
DA:89,0
DA:90,0
DA:91,0
DA:92,0
DA:94,0
DA:95,0
DA:96,0
DA:97,0
DA:98,0
DA:100,0
DA:101,0
DA:102,0
DA:103,0
DA:104,0
DA:107,0
DA:110,0
DA:111,0
DA:112,0
DA:113,0
DA:114,0
DA:115,0
DA:116,0
DA:117,0
DA:118,0
DA:119,0
DA:120,0
DA:121,0
DA:122,0
DA:123,0
DA:124,0
DA:126,0
DA:129,0
DA:130,0
DA:133,0
DA:140,0
DA:141,0
DA:144,0
DA:151,0
DA:152,0
DA:155,0
DA:162,0
DA:163,0
DA:166,0
DA:173,0
DA:174,0
DA:177,0
LF:76
LH:0
end_of_record
SF:lib\viewModel\EnergyStorageViewModel.dart
DA:18,0
DA:20,0
DA:48,0
DA:50,0
DA:51,0
DA:56,0
DA:58,0
DA:61,0
DA:66,0
DA:68,0
DA:70,0
DA:71,0
DA:73,0
DA:75,0
DA:76,0
DA:77,0
DA:78,0
DA:80,0
DA:82,0
DA:84,0
DA:85,0
DA:86,0
DA:87,0
DA:89,0
DA:93,0
DA:94,0
DA:96,0
DA:97,0
DA:98,0
DA:99,0
DA:100,0
DA:113,0
LF:32
LH:0
end_of_record
SF:lib\viewModel\NotificationViewModel.dart
DA:7,0
DA:8,0
DA:13,0
DA:14,0
DA:15,0
DA:18,0
DA:19,0
DA:20,0
LF:8
LH:0
end_of_record
SF:lib\viewModel\SettingViewModel.dart
DA:7,0
DA:9,0
DA:32,0
DA:33,0
LF:4
LH:0
end_of_record
SF:lib\net\remote\ErrorCode.dart
DA:1,0
LF:1
LH:0
end_of_record
SF:lib\net\remote\Managers\AccountManager.dart
DA:28,0
DA:30,0
DA:34,0
DA:36,0
DA:38,0
DA:40,0
DA:41,0
DA:42,0
DA:44,0
DA:49,0
DA:51,0
DA:53,0
DA:55,0
DA:56,0
DA:57,0
DA:59,0
DA:64,0
DA:66,0
DA:68,0
DA:70,0
DA:71,0
DA:72,0
DA:74,0
DA:79,0
DA:81,0
DA:83,0
DA:85,0
DA:86,0
DA:87,0
DA:89,0
DA:94,0
DA:96,0
DA:98,0
DA:100,0
DA:101,0
DA:102,0
DA:104,0
DA:109,0
DA:111,0
DA:113,0
DA:115,0
DA:116,0
DA:119,0
DA:124,0
DA:126,0
DA:128,0
DA:130,0
DA:131,0
DA:132,0
DA:134,0
DA:139,0
DA:141,0
DA:143,0
DA:145,0
DA:146,0
DA:147,0
DA:149,0
DA:154,0
DA:156,0
DA:157,0
DA:158,0
DA:162,0
DA:167,0
DA:169,0
DA:171,0
DA:173,0
DA:174,0
DA:175,0
DA:177,0
DA:182,0
DA:184,0
DA:186,0
DA:188,0
DA:189,0
DA:192,0
DA:197,0
DA:199,0
DA:201,0
DA:203,0
DA:204,0
DA:205,0
DA:207,0
DA:212,0
DA:214,0
DA:215,0
DA:216,0
DA:220,0
DA:225,0
DA:227,0
DA:229,0
DA:233,0
LF:91
LH:0
end_of_record
SF:lib\net\remote\NetworkInterface.dart
DA:17,0
DA:19,0
DA:23,0
DA:24,0
DA:25,0
DA:26,0
DA:27,0
DA:28,0
DA:29,0
DA:30,0
DA:31,0
DA:33,0
DA:35,0
DA:38,0
DA:39,0
DA:44,0
DA:46,0
DA:50,0
DA:51,0
DA:52,0
DA:53,0
DA:54,0
DA:55,0
DA:56,0
DA:57,0
DA:58,0
DA:60,0
DA:61,0
DA:62,0
DA:64,0
DA:66,0
DA:67,0
DA:68,0
DA:70,0
DA:73,0
DA:77,0
DA:78,0
DA:82,0
DA:88,0
DA:89,0
DA:94,0
DA:95,0
DA:96,0
DA:97,0
DA:98,0
DA:99,0
DA:100,0
DA:101,0
DA:102,0
DA:104,0
DA:106,0
DA:109,0
DA:110,0
DA:114,0
DA:116,0
DA:120,0
DA:121,0
DA:122,0
DA:123,0
DA:124,0
DA:125,0
DA:126,0
DA:127,0
DA:128,0
DA:130,0
DA:132,0
DA:136,0
DA:137,0
DA:141,0
DA:143,0
DA:144,0
DA:147,0
DA:148,0
DA:149,0
DA:153,0
DA:155,0
DA:162,0
DA:163,0
DA:164,0
LF:79
LH:0
end_of_record
SF:lib\net\remote\Managers\CommandModeManager.dart
DA:21,0
DA:23,0
DA:32,0
DA:34,0
DA:35,0
DA:37,0
DA:40,0
DA:42,0
DA:43,0
DA:44,0
DA:49,0
DA:55,0
DA:57,0
DA:58,0
DA:60,0
DA:63,0
DA:65,0
DA:66,0
DA:67,0
DA:72,0
DA:77,0
DA:79,0
DA:80,0
DA:82,0
DA:85,0
DA:87,0
DA:88,0
DA:89,0
DA:94,0
DA:99,0
DA:101,0
DA:102,0
DA:104,0
DA:107,0
DA:109,0
DA:110,0
DA:111,0
DA:116,0
DA:121,0
DA:123,0
DA:124,0
DA:126,0
DA:129,0
DA:131,0
DA:132,0
DA:133,0
DA:138,0
LF:47
LH:0
end_of_record
SF:lib\net\remote\Managers\EnergyNodeManager.dart
DA:9,0
DA:11,0
DA:15,0
DA:16,0
DA:17,0
DA:18,0
DA:26,0
DA:27,0
DA:28,0
DA:29,0
DA:37,0
DA:38,0
DA:39,0
DA:40,0
DA:48,0
DA:49,0
DA:50,0
DA:51,0
DA:54,0
DA:59,0
DA:60,0
DA:61,0
DA:62,0
DA:65,0
DA:70,0
DA:71,0
DA:72,0
DA:73,0
DA:76,0
LF:29
LH:0
end_of_record
SF:lib\net\remote\Managers\WebManager.dart
DA:22,0
DA:24,0
DA:49,0
DA:51,0
DA:52,0
DA:53,0
DA:54,0
DA:56,0
DA:57,0
DA:59,0
DA:60,0
DA:61,0
DA:64,0
DA:69,0
DA:71,0
DA:73,0
DA:75,0
DA:76,0
DA:77,0
DA:79,0
DA:80,0
DA:84,0
DA:86,0
DA:88,0
DA:90,0
DA:91,0
DA:92,0
DA:94,0
DA:99,0
DA:101,0
DA:102,0
DA:103,0
DA:105,0
DA:106,0
DA:107,0
DA:109,0
DA:110,0
DA:114,0
DA:116,0
DA:118,0
DA:119,0
DA:121,0
DA:122,0
DA:125,0
DA:130,0
DA:132,0
DA:133,0
DA:134,0
DA:135,0
DA:139,0
DA:144,0
DA:146,0
DA:148,0
DA:149,0
DA:153,0
DA:158,0
DA:160,0
DA:162,0
DA:163,0
DA:165,0
DA:166,0
DA:168,0
DA:169,0
LF:63
LH:0
end_of_record
SF:lib\repository\ThirdPartySignIn\AppleSignInProvider.dart
DA:13,0
DA:19,0
DA:20,0
DA:21,0
DA:24,0
DA:25,0
DA:27,0
DA:28,0
DA:30,0
DA:31,0
DA:35,0
DA:37,0
DA:39,0
DA:41,0
DA:43,0
DA:44,0
DA:45,0
DA:46,0
DA:47,0
DA:49,0
DA:50,0
DA:52,0
DA:55,0
DA:59,0
DA:60,0
DA:63,0
DA:65,0
DA:66,0
DA:67,0
DA:70,0
DA:71,0
DA:72,0
DA:73,0
LF:33
LH:0
end_of_record
SF:lib\repository\ThirdPartySignIn\GoogleSignInProvider.dart
DA:12,0
DA:13,0
DA:16,0
DA:18,0
DA:19,0
DA:20,0
DA:23,0
DA:25,0
DA:26,0
DA:28,0
DA:31,0
DA:32,0
DA:33,0
DA:34,0
DA:36,0
DA:40,0
DA:43,0
DA:47,0
DA:48,0
DA:49,0
LF:20
LH:0
end_of_record
SF:lib\utils\sharedPreferences\SharedPreferencesManager.dart
DA:4,0
DA:6,0
DA:7,0
DA:9,0
DA:10,0
DA:12,0
DA:13,0
DA:14,0
DA:17,0
DA:18,0
DA:19,0
DA:22,0
DA:23,0
DA:24,0
DA:27,0
DA:28,0
DA:29,0
LF:17
LH:0
end_of_record
SF:lib\repository\CommandRepository.dart
DA:15,0
DA:17,0
DA:22,0
DA:23,0
DA:26,0
DA:27,0
DA:30,0
DA:31,0
DA:34,0
DA:35,0
DA:38,0
DA:39,0
LF:12
LH:0
end_of_record
SF:lib\repository\EnergyStorageRepository.dart
DA:20,0
DA:22,0
DA:34,0
DA:40,0
DA:48,0
DA:49,0
DA:52,0
DA:55,0
DA:58,0
DA:59,0
DA:60,0
DA:64,0
DA:69,0
DA:71,0
DA:72,0
DA:80,0
DA:82,0
DA:85,0
DA:86,0
DA:87,0
DA:94,0
DA:96,0
DA:99,0
DA:100,0
DA:101,0
LF:25
LH:0
end_of_record
SF:lib\repository\ThirdPartySignIn\BiometricSignInProvider.dart
DA:19,0
DA:20,0
DA:23,0
DA:25,0
DA:27,0
DA:30,0
DA:31,0
DA:32,0
DA:33,0
DA:35,0
DA:36,0
DA:38,0
DA:41,0
DA:43,0
DA:66,0
DA:67,0
DA:69,0
DA:70,0
DA:71,0
DA:72,0
DA:73,0
DA:74,0
DA:75,0
DA:77,0
DA:78,0
DA:81,0
DA:84,0
DA:86,0
DA:87,0
DA:88,0
DA:89,0
DA:91,0
DA:92,0
DA:96,0
DA:97,0
DA:98,0
DA:102,0
DA:104,0
DA:105,0
LF:39
LH:0
end_of_record
SF:lib\utils\widgets\login\ThirdPartyButton.dart
DA:6,0
DA:14,0
DA:15,0
DA:16,0
DA:18,0
DA:19,0
DA:20,0
DA:22,0
DA:24,0
DA:25,0
DA:27,0
DA:28,0
DA:30,0
DA:31,0
DA:36,0
DA:37,0
DA:39,0
DA:40,0
DA:42,0
LF:19
LH:0
end_of_record
SF:lib\utils\dialog\DialogManager.dart
DA:10,0
DA:11,0
DA:14,0
DA:15,0
DA:18,0
DA:19,0
DA:22,0
DA:23,0
DA:26,0
DA:27,0
DA:30,0
DA:31,0
DA:34,0
DA:35,0
DA:38,0
DA:39,0
DA:42,0
DA:43,0
DA:44,0
DA:45,0
DA:47,0
DA:50,0
DA:55,0
DA:56,0
DA:59,0
DA:61,0
DA:64,0
DA:67,0
DA:68,0
LF:29
LH:0
end_of_record
SF:lib\utils\dialog\window\BindingStorageDialog.dart
DA:13,3
DA:18,0
DA:19,0
DA:23,0
DA:25,0
DA:27,0
DA:28,0
DA:29,0
DA:30,0
DA:31,0
DA:34,0
DA:35,0
DA:38,0
DA:42,0
DA:43,0
DA:45,0
DA:46,0
DA:47,0
DA:49,0
DA:51,0
DA:52,0
DA:53,0
DA:54,0
DA:56,0
DA:58,0
DA:59,0
DA:60,0
DA:62,0
DA:63,0
DA:70,0
LF:30
LH:1
end_of_record
SF:lib\utils\widgets\login\LoginInput.dart
DA:9,0
DA:26,0
DA:27,0
DA:28,0
DA:30,0
DA:31,0
DA:32,0
DA:34,0
DA:35,0
DA:36,0
DA:39,0
DA:40,0
DA:41,0
DA:43,0
DA:44,0
DA:45,0
DA:46,0
DA:47,0
DA:48,0
DA:50,0
DA:54,0
DA:56,0
DA:57,0
DA:68,0
DA:70,0
DA:77,0
DA:79,0
LF:27
LH:0
end_of_record
SF:lib\utils\widgets\login\BottomButton.dart
DA:6,0
DA:11,0
DA:12,0
DA:13,0
DA:15,0
DA:16,0
DA:17,0
DA:19,0
DA:21,0
DA:22,0
DA:24,0
DA:25,0
DA:27,0
DA:28,0
DA:33,0
DA:34,0
DA:35,0
LF:17
LH:0
end_of_record
SF:lib\screen\personal\PersonalPage.dart
DA:15,1
DA:17,0
DA:18,0
DA:22,0
DA:27,0
DA:29,0
DA:32,0
DA:34,0
DA:35,0
DA:42,0
DA:44,0
DA:45,0
DA:47,0
DA:48,0
DA:49,0
DA:50,0
DA:52,0
DA:54,0
DA:55,0
DA:56,0
DA:58,0
DA:59,0
DA:60,0
DA:61,0
DA:63,0
DA:64,0
DA:65,0
DA:68,0
DA:69,0
DA:70,0
DA:71,0
DA:72,0
DA:73,0
DA:74,0
DA:75,0
DA:77,0
DA:78,0
DA:79,0
DA:84,0
DA:89,0
DA:90,0
DA:92,0
DA:93,0
DA:95,0
DA:96,0
DA:97,0
DA:98,0
DA:100,0
DA:101,0
DA:102,0
DA:105,0
DA:108,0
DA:109,0
DA:111,0
DA:112,0
DA:119,0
DA:124,0
DA:125,0
DA:126,0
DA:127,0
DA:129,0
DA:131,0
DA:132,0
DA:133,0
DA:135,0
DA:136,0
DA:137,0
LF:67
LH:1
end_of_record
SF:lib\screen\energyStorage\EnergyStoragePage.dart
DA:27,1
DA:33,0
DA:34,0
DA:38,0
DA:44,0
DA:45,0
DA:46,0
DA:49,0
DA:51,0
DA:52,0
DA:56,0
DA:58,0
DA:59,0
DA:60,0
DA:61,0
DA:62,0
DA:63,0
DA:64,0
DA:69,0
DA:71,0
DA:72,0
DA:73,0
DA:74,0
DA:81,0
DA:83,0
DA:84,0
DA:85,0
DA:86,0
DA:87,0
DA:88,0
DA:90,0
DA:92,0
DA:95,0
DA:96,0
DA:97,0
DA:98,0
DA:99,0
DA:100,0
DA:103,0
DA:107,0
DA:111,0
DA:112,0
DA:113,0
DA:114,0
DA:115,0
DA:116,0
DA:117,0
DA:119,0
DA:120,0
DA:122,0
DA:126,0
DA:127,0
DA:129,0
DA:130,0
DA:134,0
DA:135,0
DA:136,0
DA:138,0
DA:139,0
DA:140,0
DA:141,0
DA:143,0
DA:144,0
DA:145,0
DA:147,0
DA:148,0
DA:149,0
DA:153,0
DA:154,0
DA:156,0
DA:157,0
DA:158,0
DA:161,0
DA:163,0
DA:166,0
DA:167,0
DA:169,0
DA:170,0
DA:171,0
DA:173,0
DA:174,0
DA:175,0
DA:176,0
DA:177,0
DA:178,0
DA:179,0
DA:180,0
DA:181,0
DA:182,0
DA:183,0
DA:184,0
DA:185,0
DA:187,0
DA:190,0
DA:191,0
DA:193,0
DA:194,0
DA:195,0
DA:196,0
DA:197,0
DA:198,0
DA:199,0
DA:200,0
DA:201,0
DA:202,0
DA:204,0
DA:264,0
DA:265,0
DA:266,0
DA:267,0
DA:271,0
DA:272,0
DA:273,0
DA:274,0
DA:275,0
DA:276,0
DA:279,0
DA:281,0
DA:283,0
DA:284,0
DA:285,0
DA:294,0
DA:295,0
DA:296,0
DA:297,0
DA:298,0
DA:304,0
DA:305,0
DA:306,0
DA:307,0
DA:309,0
DA:310,0
DA:311,0
DA:316,0
DA:317,0
DA:318,0
DA:320,0
DA:321,0
DA:322,0
DA:323,0
DA:326,0
DA:328,0
DA:333,0
DA:343,0
DA:345,0
DA:346,0
DA:351,0
DA:352,0
DA:355,0
DA:360,0
DA:361,0
LF:151
LH:1
end_of_record
SF:lib\utils\widgets\datePicker\library\date_picker.dart
DA:75,0
DA:76,0
DA:81,0
DA:82,0
DA:86,0
DA:87,0
DA:89,0
DA:201,0
DA:248,0
DA:249,0
DA:250,0
DA:252,0
DA:254,0
DA:256,0
DA:258,0
DA:259,0
DA:260,0
DA:261,0
DA:262,0
DA:263,0
DA:264,0
DA:266,0
DA:2597,0
DA:2599,0
DA:2600,0
DA:2601,0
DA:2602,0
DA:2603,0
DA:2604,0
DA:2605,0
DA:2606,0
DA:2607,0
DA:2608,0
DA:2609,0
DA:2610,0
DA:2611,0
DA:2612,0
DA:2613,0
DA:2614,0
DA:2615,0
DA:2616,0
DA:2617,0
DA:2618,0
DA:2619,0
DA:2620,0
DA:2621,0
DA:2622,0
DA:2623,0
DA:2624,0
DA:2625,0
DA:2626,0
DA:2627,0
DA:2628,0
DA:2629,0
DA:2630,0
DA:2631,0
DA:2632,0
DA:2633,0
DA:2634,0
DA:2635,0
DA:2636,0
DA:2637,0
DA:2638,0
DA:2639,0
DA:2640,0
DA:2641,0
DA:2642,0
DA:2643,0
DA:2644,0
DA:2645,0
DA:2649,0
DA:2651,0
DA:2652,0
DA:2653,0
DA:2654,0
DA:2655,0
DA:2656,0
DA:2657,0
DA:2658,0
DA:2659,0
DA:2660,0
DA:2661,0
DA:2662,0
DA:2663,0
DA:2664,0
DA:2665,0
DA:2666,0
DA:2667,0
DA:2668,0
DA:2669,0
DA:2670,0
DA:2671,0
DA:2672,0
DA:2673,0
DA:2674,0
DA:2675,0
DA:2676,0
DA:2677,0
DA:2678,0
DA:2679,0
DA:2680,0
DA:2681,0
DA:2682,0
DA:2683,0
DA:2684,0
DA:2685,0
DA:2686,0
DA:2688,0
DA:2689,0
DA:2690,0
DA:2691,0
DA:2693,0
DA:2695,0
DA:2697,0
DA:2699,0
DA:2701,0
DA:2702,0
DA:2703,0
DA:2704,0
DA:2705,0
DA:2814,0
DA:2862,0
DA:2864,0
DA:2866,0
DA:2868,0
DA:2869,0
DA:2870,0
DA:2871,0
DA:2872,0
DA:2873,0
DA:2874,0
DA:2876,0
DA:5201,0
DA:5203,0
DA:5204,0
DA:5205,0
DA:5206,0
DA:5207,0
DA:5208,0
DA:5209,0
DA:5210,0
DA:5211,0
DA:5212,0
DA:5213,0
DA:5214,0
DA:5215,0
DA:5216,0
DA:5217,0
DA:5218,0
DA:5219,0
DA:5220,0
DA:5221,0
DA:5222,0
DA:5223,0
DA:5224,0
DA:5225,0
DA:5226,0
DA:5227,0
DA:5228,0
DA:5229,0
DA:5230,0
DA:5231,0
DA:5232,0
DA:5233,0
DA:5234,0
DA:5235,0
DA:5236,0
DA:5237,0
DA:5238,0
DA:5239,0
DA:5240,0
DA:5241,0
DA:5242,0
DA:5243,0
DA:5244,0
DA:5245,0
DA:5246,0
DA:5248,0
DA:5249,0
DA:5250,0
DA:5254,0
DA:5256,0
DA:5257,0
DA:5258,0
DA:5259,0
DA:5260,0
DA:5261,0
DA:5262,0
DA:5263,0
DA:5264,0
DA:5265,0
DA:5266,0
DA:5267,0
DA:5268,0
DA:5269,0
DA:5270,0
DA:5271,0
DA:5272,0
DA:5273,0
DA:5274,0
DA:5275,0
DA:5277,0
DA:5278,0
DA:5279,0
DA:5280,0
DA:5281,0
DA:5282,0
DA:5283,0
DA:5284,0
DA:5285,0
DA:5286,0
DA:5287,0
DA:5288,0
DA:5289,0
DA:5290,0
DA:5291,0
DA:5292,0
DA:5294,0
DA:5295,0
DA:5296,0
DA:5297,0
DA:5299,0
DA:5301,0
DA:5303,0
DA:5305,0
DA:5307,0
DA:5308,0
DA:5309,0
DA:5310,0
DA:5311,0
DA:5317,0
DA:5365,0
DA:5459,0
DA:5460,0
DA:5524,0
DA:5526,0
DA:5527,0
DA:5529,0
DA:5530,0
DA:5532,0
DA:5533,0
DA:5534,0
DA:5535,0
DA:5536,0
DA:5537,0
DA:5539,0
DA:5540,0
DA:5541,0
DA:5542,0
DA:5543,0
DA:5544,0
DA:5547,0
DA:5549,0
DA:5550,0
DA:5553,0
DA:5556,0
DA:5557,0
DA:5558,0
DA:5559,0
DA:5560,0
DA:5561,0
DA:5562,0
DA:5563,0
DA:5564,0
DA:5567,0
DA:5568,0
DA:5571,0
DA:5574,0
DA:5576,0
DA:5577,0
DA:5578,0
DA:5579,0
DA:5580,0
DA:5581,0
DA:5582,0
DA:5583,0
DA:5584,0
DA:5585,0
DA:5586,0
DA:5588,0
DA:5591,0
DA:5592,0
DA:5593,0
DA:5594,0
DA:5595,0
DA:5596,0
DA:5599,0
DA:5600,0
DA:5601,0
DA:5602,0
DA:5603,0
DA:5604,0
DA:5606,0
DA:5607,0
DA:5608,0
DA:5613,0
DA:5614,0
DA:5617,0
DA:5618,0
DA:5619,0
DA:5620,0
DA:5621,0
DA:5624,0
DA:5625,0
DA:5626,0
DA:5627,0
DA:5628,0
DA:5631,0
DA:5632,0
DA:5633,0
DA:5634,0
DA:5641,0
DA:5642,0
DA:5643,0
DA:5644,0
DA:5645,0
DA:5646,0
DA:5650,0
DA:5651,0
DA:5652,0
DA:5653,0
DA:5656,0
DA:5657,0
DA:5660,0
DA:5661,0
DA:5662,0
DA:5665,0
DA:5666,0
DA:5667,0
DA:5668,0
DA:5672,0
DA:5673,0
DA:5676,0
DA:5677,0
DA:5678,0
DA:5679,0
DA:5680,0
DA:5683,0
DA:5684,0
DA:5688,0
DA:5689,0
DA:5692,0
DA:5693,0
DA:5696,0
DA:5697,0
DA:5700,0
DA:5701,0
DA:5704,0
DA:5705,0
DA:5706,0
DA:5707,0
DA:5710,0
DA:5711,0
DA:5712,0
DA:5715,0
DA:5718,0
DA:5720,0
DA:5722,0
DA:5723,0
DA:5724,0
DA:5725,0
DA:5726,0
DA:5728,0
DA:5729,0
DA:5731,0
DA:5733,0
DA:5735,0
DA:5736,0
DA:5737,0
DA:5738,0
DA:5739,0
DA:5740,0
DA:5743,0
DA:5744,0
DA:5745,0
DA:5746,0
DA:5747,0
DA:5748,0
DA:5749,0
DA:5754,0
DA:5756,0
DA:5758,0
DA:5759,0
DA:5760,0
DA:5761,0
DA:5764,0
DA:5765,0
DA:5767,0
DA:5770,0
DA:5771,0
DA:5772,0
DA:5773,0
DA:5774,0
DA:5775,0
DA:5776,0
DA:5777,0
DA:5778,0
DA:5779,0
DA:5780,0
DA:5783,0
DA:5784,0
DA:5785,0
DA:5786,0
DA:5787,0
DA:5791,0
DA:5792,0
DA:5793,0
DA:5794,0
DA:5795,0
DA:5796,0
DA:5799,0
DA:5800,0
DA:5802,0
DA:5803,0
DA:5804,0
DA:5805,0
DA:5808,0
DA:5809,0
DA:5811,0
DA:5812,0
DA:5813,0
DA:5816,0
DA:5817,0
DA:5818,0
DA:5819,0
DA:5820,0
DA:5823,0
DA:5824,0
DA:5825,0
DA:5826,0
DA:5827,0
DA:5828,0
DA:5831,0
DA:5832,0
DA:5834,0
DA:5835,0
DA:5836,0
DA:5839,0
DA:5840,0
DA:5841,0
DA:5842,0
DA:5843,0
DA:5846,0
DA:5847,0
DA:5848,0
DA:5849,0
DA:5850,0
DA:5853,0
DA:5854,0
DA:5855,0
DA:5856,0
DA:5857,0
DA:5860,0
DA:5861,0
DA:5862,0
DA:5863,0
DA:5864,0
DA:5867,0
DA:5868,0
DA:5869,0
DA:5870,0
DA:5871,0
DA:5874,0
DA:5875,0
DA:5876,0
DA:5877,0
DA:5878,0
DA:5881,0
DA:5882,0
DA:5889,0
DA:5890,0
DA:5891,0
DA:5892,0
DA:5893,0
DA:5896,0
DA:5897,0
DA:5899,0
DA:5900,0
DA:5901,0
DA:5902,0
DA:5903,0
DA:5906,0
DA:5907,0
DA:5909,0
DA:5910,0
DA:5911,0
DA:5912,0
DA:5913,0
DA:5916,0
DA:5917,0
DA:5918,0
DA:5919,0
DA:5920,0
DA:5921,0
DA:5922,0
DA:5925,0
DA:5926,0
DA:5930,0
DA:5933,0
DA:5934,0
DA:5935,0
DA:5938,0
DA:5939,0
DA:5940,0
DA:5941,0
DA:5942,0
DA:5943,0
DA:5944,0
DA:5945,0
DA:5946,0
DA:5947,0
DA:5948,0
DA:5951,0
DA:5952,0
DA:5953,0
DA:5954,0
DA:5955,0
DA:5958,0
DA:5959,0
DA:5960,0
DA:5964,0
DA:5965,0
DA:5966,0
DA:5968,0
DA:5969,0
DA:5973,0
DA:5974,0
DA:5975,0
DA:5977,0
DA:5978,0
DA:5982,0
DA:5983,0
DA:5984,0
DA:5986,0
DA:5987,0
DA:5991,0
DA:5992,0
DA:5993,0
DA:5995,0
DA:5996,0
DA:6000,0
DA:6001,0
DA:6003,0
DA:6004,0
DA:6005,0
DA:6006,0
DA:6008,0
DA:6009,0
DA:6010,0
DA:6011,0
DA:6012,0
DA:6013,0
DA:6016,0
DA:6017,0
DA:6018,0
DA:6022,0
DA:6023,0
DA:6028,0
DA:6029,0
DA:6033,0
DA:6037,0
DA:6038,0
DA:6039,0
DA:6040,0
DA:6042,0
DA:6048,0
DA:6049,0
DA:6051,0
DA:6053,0
DA:6054,0
DA:6055,0
DA:6056,0
DA:6059,0
DA:6060,0
DA:6063,0
DA:6065,0
DA:6066,0
DA:6068,0
DA:6070,0
DA:6072,0
DA:6073,0
DA:6074,0
DA:6075,0
DA:6077,0
DA:6079,0
DA:6080,0
DA:6081,0
DA:6083,0
DA:6088,0
DA:6089,0
DA:6090,0
DA:6092,0
DA:6093,0
DA:6095,0
DA:6096,0
DA:6097,0
DA:6101,0
DA:6102,0
DA:6103,0
DA:6105,0
DA:6110,0
DA:6111,0
DA:6112,0
DA:6113,0
DA:6114,0
DA:6115,0
DA:6118,0
DA:6122,0
DA:6123,0
DA:6124,0
DA:6125,0
DA:6126,0
DA:6131,0
DA:6132,0
DA:6135,0
DA:6137,0
DA:6139,0
DA:6140,0
DA:6141,0
DA:6143,0
DA:6145,0
DA:6147,0
DA:6148,0
DA:6149,0
DA:6150,0
DA:6151,0
DA:6154,0
DA:6155,0
DA:6156,0
DA:6157,0
DA:6158,0
DA:6159,0
DA:6160,0
DA:6161,0
DA:6162,0
DA:6163,0
DA:6166,0
DA:6168,0
DA:6169,0
DA:6170,0
DA:6171,0
DA:6172,0
DA:6173,0
DA:6175,0
DA:6177,0
DA:6178,0
DA:6179,0
DA:6180,0
DA:6181,0
DA:6182,0
DA:6183,0
DA:6184,0
DA:6186,0
DA:6188,0
DA:6189,0
DA:6190,0
DA:6191,0
DA:6192,0
DA:6193,0
DA:6194,0
DA:6195,0
DA:6202,0
DA:6204,0
DA:6205,0
DA:6206,0
DA:6211,0
DA:6212,0
DA:6213,0
DA:6214,0
DA:6215,0
DA:6216,0
DA:6217,0
DA:6218,0
DA:6219,0
DA:6221,0
DA:6222,0
DA:6224,0
DA:6225,0
DA:6226,0
DA:6227,0
DA:6228,0
DA:6229,0
DA:6230,0
DA:6231,0
DA:6232,0
DA:6233,0
DA:6238,0
DA:6239,0
DA:6240,0
DA:6241,0
DA:6243,0
DA:6245,0
DA:6246,0
DA:6247,0
DA:6248,0
DA:6250,0
DA:6251,0
DA:6258,0
DA:6259,0
DA:6260,0
DA:6264,0
DA:6265,0
DA:6271,0
DA:6272,0
DA:6276,0
DA:6277,0
DA:6288,0
DA:6290,0
DA:6291,0
DA:6292,0
DA:6293,0
DA:6296,0
DA:6297,0
DA:6298,0
DA:6299,0
DA:6304,0
DA:6308,0
DA:6310,0
DA:6313,0
DA:6316,0
DA:6321,0
DA:6322,0
DA:6323,0
DA:6328,0
DA:6329,0
DA:6330,0
DA:6336,0
DA:6337,0
DA:6338,0
DA:6343,0
DA:6344,0
DA:6345,0
DA:6352,0
DA:6354,0
DA:6355,0
DA:6357,0
DA:6358,0
DA:6360,0
DA:6363,0
DA:6364,0
DA:6365,0
DA:6368,0
DA:6369,0
DA:6370,0
DA:6371,0
DA:6376,0
DA:6377,0
DA:6378,0
DA:6379,0
DA:6385,0
DA:6388,0
DA:6391,0
DA:6393,0
DA:6394,0
DA:6396,0
DA:6397,0
DA:6399,0
DA:6406,0
DA:6407,0
DA:6408,0
DA:6410,0
DA:6412,0
DA:6413,0
DA:6415,0
DA:6416,0
DA:6419,0
DA:6421,0
DA:6422,0
DA:6423,0
DA:6424,0
DA:6425,0
DA:6426,0
DA:6427,0
DA:6428,0
DA:6429,0
DA:6430,0
DA:6431,0
DA:6432,0
DA:6435,0
DA:6436,0
DA:6442,0
DA:6443,0
DA:6444,0
DA:6445,0
DA:6449,0
DA:6450,0
DA:6453,0
DA:6455,0
DA:6456,0
DA:6460,0
DA:6462,0
DA:6465,0
DA:6467,0
DA:6470,0
DA:6471,0
DA:6472,0
DA:6473,0
DA:6475,0
DA:6476,0
DA:6482,0
DA:6483,0
DA:6486,0
DA:6488,0
DA:6489,0
DA:6493,0
DA:6494,0
DA:6496,0
DA:6502,0
DA:6503,0
DA:6505,0
DA:6509,0
DA:6510,0
DA:6511,0
DA:6512,0
DA:6513,0
DA:6519,0
DA:6526,0
DA:6528,0
DA:6530,0
DA:6531,0
DA:6532,0
DA:6534,0
DA:6535,0
DA:6536,0
DA:6537,0
DA:6538,0
DA:6540,0
DA:6541,0
DA:6542,0
DA:6545,0
DA:6547,0
DA:6548,0
DA:6549,0
DA:6550,0
DA:6551,0
DA:6552,0
DA:6553,0
DA:6554,0
DA:6555,0
DA:6559,0
DA:6560,0
DA:6563,0
DA:6564,0
DA:6565,0
DA:6566,0
DA:6567,0
DA:6570,0
DA:6574,0
DA:6575,0
DA:6576,0
DA:6578,0
DA:6582,0
DA:6583,0
DA:6584,0
DA:6586,0
DA:6587,0
DA:6588,0
DA:6589,0
DA:6590,0
DA:6591,0
DA:6592,0
DA:6593,0
DA:6594,0
DA:6595,0
DA:6596,0
DA:6597,0
DA:6598,0
DA:6599,0
DA:6600,0
DA:6601,0
DA:6603,0
DA:6604,0
DA:6605,0
DA:6606,0
DA:6607,0
DA:6608,0
DA:6609,0
DA:6610,0
DA:6611,0
DA:6612,0
DA:6613,0
DA:6615,0
DA:6616,0
DA:6621,0
DA:6623,0
DA:6624,0
DA:6625,0
DA:6626,0
DA:6629,0
DA:6638,0
DA:6639,0
DA:6640,0
DA:6641,0
DA:6642,0
DA:6644,0
DA:6648,0
DA:6649,0
DA:6653,0
DA:6654,0
DA:6655,0
DA:6656,0
DA:6657,0
DA:6659,0
DA:6662,0
DA:6664,0
DA:6666,0
DA:6667,0
DA:6668,0
DA:6673,0
DA:6675,0
DA:6686,0
DA:6687,0
DA:6690,0
DA:6692,0
DA:6697,0
DA:6698,0
DA:6699,0
DA:6700,0
DA:6701,0
DA:6705,0
DA:6706,0
DA:6707,0
DA:6708,0
DA:6709,0
DA:6710,0
DA:6711,0
DA:6712,0
DA:6713,0
DA:6714,0
DA:6715,0
DA:6716,0
DA:6717,0
DA:6718,0
DA:6719,0
DA:6720,0
DA:6721,0
DA:6722,0
DA:6723,0
DA:6724,0
DA:6726,0
DA:6727,0
DA:6728,0
DA:6729,0
DA:6730,0
DA:6731,0
DA:6732,0
DA:6733,0
DA:6734,0
DA:6735,0
DA:6736,0
DA:6738,0
DA:6739,0
DA:6743,0
DA:6744,0
DA:6749,0
DA:6750,0
DA:6751,0
DA:6752,0
DA:6753,0
DA:6756,0
DA:6757,0
DA:6758,0
DA:6759,0
DA:6760,0
DA:6761,0
DA:6763,0
DA:6764,0
DA:6766,0
DA:6770,0
DA:6774,0
DA:6775,0
DA:6778,0
DA:6779,0
DA:6780,0
DA:6781,0
DA:6783,0
DA:6784,0
DA:6788,0
DA:6790,0
DA:6791,0
DA:6792,0
DA:6793,0
DA:6794,0
DA:6795,0
DA:6798,0
DA:6799,0
DA:6800,0
DA:6801,0
DA:6802,0
DA:6809,0
DA:6810,0
DA:6812,0
DA:6813,0
DA:6814,0
DA:6815,0
DA:6818,0
DA:6820,0
DA:6821,0
DA:6822,0
DA:6823,0
DA:6824,0
DA:6826,0
DA:6831,0
DA:6836,0
DA:6840,0
DA:6841,0
DA:6842,0
DA:6844,0
DA:6845,0
DA:6846,0
DA:6847,0
DA:6852,0
DA:6854,0
DA:6855,0
DA:6857,0
DA:6858,0
DA:6859,0
DA:6860,0
DA:6866,0
DA:6867,0
DA:6869,0
DA:6870,0
DA:6871,0
DA:6872,0
DA:6877,0
DA:6879,0
DA:6880,0
DA:6882,0
DA:6883,0
DA:6884,0
DA:6885,0
DA:6892,0
DA:6895,0
DA:6897,0
DA:6898,0
DA:6900,0
DA:6901,0
DA:6904,0
DA:6906,0
DA:6907,0
DA:6910,0
DA:6911,0
DA:6913,0
DA:6914,0
DA:6917,0
DA:6919,0
DA:6920,0
DA:6924,0
DA:6927,0
DA:6928,0
DA:6929,0
DA:6931,0
DA:6932,0
DA:6933,0
DA:6934,0
DA:6935,0
DA:6936,0
DA:6940,0
DA:6941,0
DA:6942,0
DA:6943,0
DA:6945,0
DA:6946,0
DA:6947,0
DA:6948,0
DA:6949,0
DA:6950,0
DA:6951,0
DA:6952,0
DA:6953,0
DA:6954,0
DA:6955,0
DA:6956,0
DA:6957,0
DA:6958,0
DA:6959,0
DA:6961,0
DA:6962,0
DA:6963,0
DA:6964,0
DA:6965,0
DA:6966,0
DA:6974,0
DA:6977,0
DA:6978,0
DA:6981,0
DA:6982,0
DA:6983,0
DA:6984,0
DA:6985,0
DA:6986,0
DA:6987,0
DA:6991,0
DA:6992,0
DA:6993,0
DA:6996,0
DA:6997,0
DA:7000,0
DA:7001,0
DA:7002,0
DA:7003,0
DA:7004,0
DA:7005,0
DA:7006,0
DA:7010,0
DA:7011,0
DA:7012,0
DA:7015,0
DA:7016,0
DA:7017,0
DA:7018,0
DA:7019,0
DA:7020,0
DA:7021,0
DA:7022,0
DA:7025,0
DA:7026,0
DA:7027,0
DA:7028,0
DA:7031,0
DA:7032,0
DA:7035,0
DA:7036,0
DA:7039,0
DA:7040,0
DA:7041,0
DA:7042,0
DA:7045,0
DA:7046,0
DA:7047,0
DA:7048,0
DA:7049,0
DA:7050,0
DA:7051,0
DA:7055,0
DA:7056,0
DA:7057,0
DA:7059,0
DA:7060,0
DA:7062,0
DA:7063,0
DA:7064,0
DA:7065,0
DA:7066,0
DA:7070,0
DA:7071,0
DA:7072,0
DA:7074,0
DA:7075,0
DA:7076,0
DA:7077,0
DA:7082,0
DA:7084,0
DA:7088,0
DA:7090,0
DA:7092,0
DA:7093,0
DA:7094,0
DA:7099,0
DA:7101,0
DA:7105,0
DA:7106,0
DA:7108,0
DA:7110,0
DA:7111,0
DA:7112,0
DA:7117,0
DA:7119,0
DA:7123,0
DA:7125,0
DA:7127,0
DA:7128,0
DA:7129,0
DA:7134,0
DA:7136,0
DA:7145,0
DA:7146,0
DA:7149,0
DA:7151,0
DA:7152,0
DA:7153,0
DA:7154,0
DA:7156,0
DA:7157,0
DA:7158,0
DA:7159,0
DA:7161,0
DA:7162,0
DA:7165,0
DA:7166,0
DA:7167,0
DA:7169,0
DA:7170,0
DA:7172,0
DA:7173,0
DA:7176,0
DA:7177,0
DA:7178,0
DA:7180,0
DA:7182,0
DA:7183,0
DA:7184,0
DA:7186,0
DA:7187,0
DA:7189,0
DA:7193,0
DA:7194,0
DA:7195,0
DA:7197,0
DA:7198,0
DA:7199,0
DA:7201,0
DA:7202,0
DA:7204,0
DA:7211,0
DA:7218,0
DA:7219,0
DA:7221,0
DA:7224,0
DA:7225,0
DA:7233,0
DA:7240,0
DA:7241,0
DA:7243,0
DA:7246,0
DA:7247,0
DA:7254,0
DA:7255,0
DA:7259,0
DA:7260,0
DA:7261,0
DA:7262,0
DA:7264,0
DA:7265,0
DA:7266,0
DA:7267,0
DA:7268,0
DA:7269,0
DA:7270,0
DA:7271,0
DA:7279,0
DA:7285,0
DA:7286,0
DA:7290,0
DA:7292,0
DA:7293,0
DA:7296,0
DA:7298,0
DA:7299,0
DA:7300,0
DA:7302,0
DA:7306,0
DA:7307,0
DA:7310,0
DA:7312,0
DA:7313,0
DA:7316,0
DA:7318,0
DA:7324,0
DA:7330,0
DA:7339,0
DA:7340,0
DA:7341,0
DA:7342,0
DA:7343,0
DA:7344,0
DA:7345,0
DA:7346,0
DA:7349,0
DA:7352,0
DA:7354,0
DA:7356,0
DA:7357,0
DA:7358,0
DA:7364,0
DA:7374,0
DA:7385,0
DA:7387,0
DA:7388,0
DA:7392,0
DA:7393,0
DA:7398,0
DA:7400,0
DA:7401,0
DA:7405,0
DA:7406,0
DA:7410,0
DA:7412,0
DA:7414,0
DA:7415,0
DA:7416,0
DA:7418,0
DA:7419,0
DA:7420,0
DA:7421,0
DA:7426,0
DA:7428,0
DA:7429,0
DA:7433,0
DA:7435,0
DA:7436,0
DA:7439,0
DA:7442,0
DA:7443,0
DA:7446,0
DA:7448,0
DA:7450,0
DA:7453,0
DA:7456,0
DA:7460,0
DA:7464,0
DA:7465,0
DA:7466,0
DA:7473,0
DA:7474,0
DA:7475,0
DA:7479,0
DA:7480,0
DA:7481,0
DA:7482,0
DA:7487,0
DA:7488,0
DA:7491,0
DA:7492,0
DA:7496,0
DA:7497,0
DA:7500,0
DA:7505,0
DA:7506,0
DA:7508,0
DA:7512,0
DA:7521,0
DA:7524,0
DA:7532,0
DA:7560,0
DA:7639,0
DA:7640,0
DA:7646,0
DA:7648,0
DA:7649,0
DA:7650,0
DA:7653,0
DA:7655,0
DA:7656,0
DA:7657,0
DA:7660,0
DA:7662,0
DA:7664,0
DA:7665,0
DA:7666,0
DA:7667,0
DA:7668,0
DA:7669,0
DA:7670,0
DA:7671,0
DA:7673,0
DA:7674,0
DA:7675,0
DA:7678,0
DA:7679,0
DA:7682,0
DA:7684,0
DA:7685,0
DA:7686,0
DA:7690,0
DA:7691,0
DA:7692,0
DA:7695,0
DA:7696,0
DA:7697,0
DA:7701,0
DA:7702,0
DA:7703,0
DA:7705,0
DA:7708,0
DA:7710,0
DA:7711,0
DA:7716,0
DA:7717,0
DA:7723,0
DA:7731,0
DA:7733,0
DA:7734,0
DA:7737,0
DA:7738,0
DA:7742,0
DA:7743,0
DA:7744,0
DA:7745,0
DA:7746,0
DA:7747,0
DA:7748,0
DA:7754,0
DA:7755,0
DA:7756,0
DA:7760,0
DA:7761,0
DA:7762,0
DA:7763,0
DA:7764,0
DA:7769,0
DA:7770,0
DA:7773,0
DA:7774,0
DA:7775,0
DA:7780,0
DA:7781,0
DA:7784,0
DA:7785,0
DA:7786,0
DA:7789,0
DA:7790,0
DA:7792,0
DA:7793,0
DA:7794,0
DA:7795,0
DA:7796,0
DA:7797,0
DA:7798,0
DA:7799,0
DA:7800,0
DA:7801,0
DA:7802,0
DA:7803,0
DA:7804,0
DA:7805,0
DA:7806,0
DA:7807,0
DA:7808,0
DA:7809,0
DA:7813,0
DA:7814,0
DA:7816,0
DA:7819,0
DA:7821,0
DA:7822,0
DA:7823,0
DA:7824,0
DA:7825,0
DA:7832,0
DA:7834,0
DA:7835,0
DA:7846,0
DA:7847,0
DA:7849,0
DA:7852,0
DA:7854,0
DA:7855,0
DA:7856,0
DA:7857,0
DA:7858,0
DA:7865,0
DA:7867,0
DA:7868,0
DA:7881,0
DA:7898,0
DA:7919,0
DA:7921,0
DA:7923,0
DA:7924,0
DA:7925,0
DA:7926,0
DA:7928,0
DA:7929,0
DA:7930,0
DA:7931,0
DA:7932,0
DA:7933,0
DA:7934,0
DA:7937,0
DA:7938,0
DA:7939,0
DA:7941,0
DA:7942,0
DA:7943,0
DA:7944,0
DA:7945,0
DA:7946,0
DA:7948,0
DA:7949,0
DA:7951,0
DA:7952,0
DA:7955,0
DA:7956,0
DA:7957,0
DA:7959,0
DA:7961,0
DA:7962,0
DA:7963,0
DA:7964,0
DA:7966,0
DA:7970,0
DA:7972,0
DA:7973,0
DA:7974,0
DA:7975,0
DA:7976,0
DA:7977,0
DA:7978,0
DA:7979,0
DA:7980,0
DA:7987,0
DA:7989,0
DA:7990,0
DA:7991,0
DA:7992,0
DA:7994,0
DA:7995,0
DA:8003,0
DA:8012,0
DA:8031,0
DA:8088,0
DA:8090,0
DA:8092,0
DA:8094,0
DA:8095,0
DA:8096,0
DA:8097,0
DA:8098,0
DA:8103,0
DA:8104,0
DA:8106,0
DA:8108,0
DA:8109,0
DA:8110,0
DA:8111,0
DA:8112,0
DA:8113,0
DA:8114,0
DA:8116,0
DA:8117,0
DA:8119,0
DA:8120,0
DA:8121,0
DA:8122,0
DA:8124,0
DA:8125,0
DA:8126,0
DA:8128,0
DA:8129,0
DA:8130,0
DA:8131,0
DA:8132,0
DA:8134,0
DA:8135,0
DA:8139,0
DA:8144,0
DA:8145,0
DA:8146,0
DA:8147,0
DA:8148,0
DA:8149,0
DA:8152,0
DA:8156,0
DA:8164,0
DA:8165,0
DA:8171,0
DA:8173,0
DA:8174,0
DA:8175,0
DA:8176,0
DA:8177,0
DA:8178,0
DA:8179,0
DA:8180,0
DA:8181,0
DA:8182,0
DA:8183,0
DA:8186,0
DA:8187,0
DA:8189,0
DA:8191,0
DA:8192,0
DA:8193,0
DA:8195,0
DA:8198,0
DA:8200,0
DA:8201,0
DA:8202,0
DA:8203,0
DA:8204,0
DA:8205,0
DA:8206,0
DA:8207,0
DA:8211,0
DA:8212,0
DA:8214,0
DA:8218,0
DA:8219,0
DA:8221,0
DA:8232,0
DA:8234,0
DA:8235,0
DA:8239,0
DA:8241,0
DA:8250,0
DA:8262,0
DA:8294,0
DA:8295,0
DA:8341,0
DA:8343,0
DA:8344,0
DA:8345,0
DA:8346,0
DA:8347,0
DA:8348,0
DA:8350,0
DA:8353,0
DA:8355,0
DA:8356,0
DA:8357,0
DA:8358,0
DA:8359,0
DA:8360,0
DA:8361,0
DA:8362,0
DA:8363,0
DA:8364,0
DA:8367,0
DA:8368,0
DA:8369,0
DA:8372,0
DA:8373,0
DA:8374,0
DA:8375,0
DA:8376,0
DA:8377,0
DA:8380,0
DA:8382,0
DA:8384,0
DA:8385,0
DA:8386,0
DA:8389,0
DA:8390,0
DA:8391,0
DA:8394,0
DA:8395,0
DA:8396,0
DA:8397,0
DA:8398,0
DA:8399,0
DA:8402,0
DA:8403,0
DA:8406,0
DA:8407,0
DA:8408,0
DA:8411,0
DA:8412,0
DA:8413,0
DA:8414,0
DA:8415,0
DA:8416,0
DA:8417,0
DA:8418,0
DA:8419,0
DA:8421,0
DA:8422,0
DA:8423,0
DA:8424,0
DA:8425,0
DA:8426,0
DA:8430,0
DA:8431,0
DA:8432,0
DA:8433,0
DA:8434,0
DA:8435,0
DA:8436,0
DA:8437,0
DA:8444,0
DA:8445,0
DA:8446,0
DA:8447,0
DA:8448,0
DA:8451,0
DA:8452,0
DA:8453,0
DA:8454,0
DA:8455,0
DA:8458,0
DA:8459,0
DA:8460,0
DA:8461,0
DA:8462,0
DA:8465,0
DA:8466,0
DA:8467,0
DA:8470,0
DA:8473,0
DA:8474,0
DA:8476,0
DA:8477,0
DA:8480,0
DA:8482,0
DA:8483,0
DA:8487,0
DA:8488,0
DA:8489,0
DA:8494,0
DA:8495,0
DA:8496,0
DA:8497,0
DA:8500,0
DA:8501,0
DA:8502,0
DA:8504,0
DA:8505,0
DA:8506,0
DA:8508,0
DA:8509,0
DA:8510,0
DA:8512,0
DA:8513,0
DA:8514,0
DA:8516,0
DA:8517,0
DA:8518,0
DA:8520,0
DA:8521,0
DA:8522,0
DA:8523,0
DA:8524,0
DA:8525,0
DA:8528,0
DA:8529,0
DA:8537,0
DA:8539,0
DA:8540,0
DA:8541,0
DA:8542,0
DA:8543,0
DA:8544,0
DA:8545,0
DA:8548,0
DA:8549,0
DA:8551,0
DA:8552,0
DA:8553,0
DA:8554,0
DA:8556,0
DA:8557,0
DA:8558,0
DA:8559,0
DA:8560,0
DA:8562,0
DA:8563,0
DA:8564,0
DA:8568,0
DA:8569,0
DA:8570,0
DA:8572,0
DA:8574,0
DA:8577,0
DA:8580,0
DA:8582,0
DA:8585,0
DA:8586,0
DA:8588,0
DA:8591,0
DA:8592,0
DA:8594,0
DA:8597,0
DA:8598,0
DA:8600,0
DA:8601,0
DA:8604,0
DA:8605,0
DA:8610,0
DA:8611,0
DA:8612,0
DA:8614,0
DA:8615,0
DA:8616,0
DA:8617,0
DA:8619,0
DA:8624,0
DA:8625,0
DA:8628,0
DA:8629,0
DA:8631,0
DA:8632,0
DA:8633,0
DA:8634,0
DA:8635,0
DA:8636,0
DA:8637,0
DA:8638,0
DA:8639,0
DA:8640,0
DA:8645,0
DA:8646,0
DA:8647,0
DA:8650,0
DA:8653,0
DA:8654,0
DA:8659,0
DA:8660,0
DA:8662,0
DA:8663,0
DA:8666,0
DA:8667,0
DA:8671,0
DA:8673,0
DA:8674,0
DA:8677,0
DA:8680,0
DA:8683,0
DA:8684,0
DA:8689,0
DA:8690,0
DA:8692,0
DA:8693,0
DA:8696,0
DA:8697,0
DA:8701,0
DA:8703,0
DA:8704,0
DA:8707,0
DA:8710,0
DA:8711,0
DA:8712,0
DA:8713,0
DA:8715,0
DA:8716,0
DA:8718,0
DA:8719,0
DA:8722,0
DA:8723,0
DA:8725,0
DA:8726,0
DA:8728,0
DA:8729,0
DA:8734,0
DA:8735,0
DA:8737,0
DA:8738,0
DA:8739,0
DA:8740,0
DA:8741,0
DA:8742,0
DA:8743,0
DA:8744,0
DA:8747,0
DA:8749,0
DA:8750,0
DA:8753,0
DA:8754,0
DA:8755,0
DA:8759,0
DA:8761,0
DA:8764,0
DA:8765,0
DA:8767,0
DA:8768,0
DA:8771,0
DA:8772,0
DA:8777,0
DA:8778,0
DA:8779,0
DA:8781,0
DA:8782,0
DA:8784,0
DA:8789,0
DA:8790,0
DA:8793,0
DA:8794,0
DA:8795,0
DA:8796,0
DA:8798,0
DA:8802,0
DA:8804,0
DA:8805,0
DA:8807,0
DA:8809,0
DA:8810,0
DA:8811,0
DA:8814,0
DA:8815,0
DA:8822,0
DA:8823,0
DA:8825,0
DA:8826,0
DA:8827,0
DA:8828,0
DA:8829,0
DA:8830,0
DA:8831,0
DA:8832,0
DA:8835,0
DA:8837,0
DA:8838,0
DA:8842,0
DA:8843,0
DA:8844,0
DA:8848,0
DA:8850,0
DA:8853,0
DA:8854,0
DA:8856,0
DA:8857,0
DA:8860,0
DA:8861,0
DA:8866,0
DA:8867,0
DA:8868,0
DA:8870,0
DA:8871,0
DA:8873,0
DA:8878,0
DA:8879,0
DA:8882,0
DA:8883,0
DA:8884,0
DA:8885,0
DA:8887,0
DA:8891,0
DA:8893,0
DA:8894,0
DA:8896,0
DA:8898,0
DA:8899,0
DA:8900,0
DA:8903,0
DA:8904,0
DA:8910,0
DA:8911,0
DA:8912,0
DA:8913,0
DA:8914,0
DA:8915,0
DA:8916,0
DA:8917,0
DA:8920,0
DA:8921,0
DA:8922,0
DA:8923,0
DA:8924,0
DA:8925,0
DA:8926,0
DA:8927,0
DA:8930,0
DA:8931,0
DA:8932,0
DA:8933,0
DA:8935,0
DA:8936,0
DA:8937,0
DA:8938,0
DA:8939,0
DA:8940,0
DA:8941,0
DA:8942,0
DA:8943,0
DA:8946,0
DA:8947,0
DA:8949,0
DA:8950,0
DA:8952,0
DA:8956,0
DA:8957,0
DA:8958,0
DA:8959,0
DA:8960,0
DA:8962,0
DA:8963,0
DA:8964,0
DA:8965,0
DA:8969,0
DA:8970,0
DA:8971,0
DA:8976,0
DA:8977,0
DA:8979,0
DA:8980,0
DA:8982,0
DA:8983,0
DA:8986,0
DA:8990,0
DA:8991,0
DA:8993,0
DA:8994,0
DA:8995,0
DA:8997,0
DA:8998,0
DA:8999,0
DA:9000,0
DA:9001,0
DA:9002,0
DA:9003,0
DA:9004,0
DA:9010,0
DA:9011,0
DA:9012,0
DA:9016,0
DA:9019,0
DA:9020,0
DA:9021,0
DA:9022,0
DA:9023,0
DA:9024,0
DA:9025,0
DA:9026,0
DA:9027,0
DA:9028,0
DA:9029,0
DA:9030,0
DA:9031,0
DA:9032,0
DA:9033,0
DA:9034,0
DA:9035,0
DA:9039,0
DA:9040,0
DA:9041,0
DA:9043,0
DA:9044,0
DA:9045,0
DA:9046,0
DA:9047,0
DA:9049,0
DA:9052,0
DA:9056,0
DA:9058,0
DA:9059,0
DA:9060,0
DA:9061,0
DA:9062,0
DA:9063,0
DA:9065,0
DA:9068,0
DA:9072,0
DA:9073,0
DA:9075,0
DA:9076,0
DA:9077,0
DA:9078,0
DA:9079,0
DA:9081,0
DA:9084,0
DA:9088,0
DA:9090,0
DA:9091,0
DA:9092,0
DA:9093,0
DA:9094,0
DA:9096,0
DA:9099,0
DA:9107,0
DA:9108,0
DA:9112,0
DA:9116,0
DA:9117,0
DA:9118,0
DA:9122,0
DA:9124,0
DA:9126,0
DA:9128,0
DA:9131,0
DA:9132,0
DA:9133,0
DA:9135,0
DA:9139,0
DA:9140,0
DA:9141,0
DA:9148,0
DA:9149,0
DA:9150,0
DA:9154,0
DA:9155,0
DA:9160,0
DA:9164,0
DA:9170,0
DA:9171,0
DA:9172,0
DA:9176,0
DA:9177,0
DA:9182,0
DA:9186,0
DA:9191,0
DA:9192,0
DA:9193,0
DA:9194,0
DA:9195,0
DA:9198,0
DA:9202,0
DA:9204,0
DA:9205,0
DA:9206,0
DA:9207,0
DA:9209,0
DA:9212,0
DA:9213,0
DA:9214,0
DA:9215,0
DA:9217,0
DA:9223,0
DA:9224,0
DA:9225,0
DA:9227,0
DA:9228,0
DA:9230,0
DA:9231,0
DA:9233,0
DA:9234,0
DA:9237,0
DA:9240,0
DA:9241,0
DA:9245,0
DA:9247,0
DA:9248,0
DA:9249,0
DA:9250,0
DA:9251,0
DA:9252,0
DA:9256,0
DA:9266,0
DA:9269,0
DA:9270,0
DA:9274,0
DA:9276,0
DA:9277,0
DA:9278,0
DA:9279,0
DA:9280,0
DA:9281,0
DA:9285,0
DA:9295,0
DA:9300,0
DA:9301,0
DA:9302,0
DA:9303,0
DA:9310,0
DA:9311,0
DA:9315,0
DA:9316,0
DA:9321,0
DA:9322,0
DA:9323,0
DA:9324,0
DA:9325,0
DA:9326,0
DA:9329,0
DA:9330,0
DA:9332,0
DA:9337,0
DA:9338,0
DA:9341,0
DA:9342,0
DA:9344,0
DA:9347,0
DA:9348,0
DA:9349,0
DA:9351,0
DA:9354,0
DA:9355,0
DA:9356,0
DA:9357,0
DA:9358,0
DA:9359,0
DA:9360,0
DA:9361,0
DA:9362,0
DA:9363,0
DA:9364,0
DA:9374,0
DA:9375,0
DA:9377,0
DA:9379,0
DA:9383,0
DA:9385,0
DA:9386,0
DA:9388,0
DA:9390,0
DA:9391,0
DA:9393,0
DA:9395,0
DA:9396,0
DA:9405,0
DA:9407,0
DA:9408,0
DA:9410,0
DA:9414,0
DA:9416,0
DA:9417,0
DA:9419,0
DA:9421,0
DA:9422,0
DA:9424,0
DA:9426,0
DA:9427,0
DA:9434,0
DA:9438,0
DA:9439,0
DA:9440,0
DA:9441,0
DA:9442,0
DA:9443,0
DA:9444,0
DA:9445,0
DA:9446,0
DA:9451,0
DA:9458,0
DA:9461,0
DA:9462,0
DA:9463,0
DA:9464,0
DA:9466,0
DA:9467,0
DA:9468,0
DA:9470,0
DA:9471,0
DA:9472,0
DA:9473,0
DA:9474,0
DA:9475,0
DA:9477,0
DA:9478,0
DA:9479,0
DA:9480,0
DA:9482,0
DA:9483,0
DA:9484,0
DA:9485,0
DA:9486,0
DA:9487,0
DA:9488,0
DA:9490,0
DA:9491,0
DA:9495,0
DA:9501,0
DA:9502,0
DA:9506,0
DA:9507,0
DA:9508,0
DA:9510,0
DA:9512,0
DA:9514,0
DA:9515,0
DA:9517,0
DA:9521,0
DA:9522,0
DA:9523,0
DA:9531,0
DA:9535,0
DA:9536,0
DA:9537,0
DA:9540,0
DA:9541,0
DA:9542,0
DA:9545,0
DA:9546,0
DA:9547,0
DA:9552,0
DA:9553,0
DA:9558,0
DA:9559,0
DA:9560,0
DA:9561,0
DA:9562,0
DA:9563,0
DA:9565,0
DA:9571,0
DA:9572,0
DA:9574,0
DA:9575,0
DA:9579,0
DA:9580,0
DA:9581,0
DA:9583,0
DA:9586,0
DA:9588,0
DA:9591,0
DA:9592,0
DA:9594,0
DA:9595,0
DA:9596,0
DA:9597,0
DA:9598,0
DA:9599,0
DA:9601,0
DA:9603,0
DA:9604,0
DA:9605,0
DA:9606,0
DA:9608,0
DA:9613,0
DA:9614,0
DA:9615,0
DA:9622,0
DA:9623,0
DA:9625,0
DA:9629,0
DA:9634,0
DA:9636,0
DA:9640,0
DA:9641,0
DA:9644,0
DA:9645,0
DA:9649,0
DA:9651,0
DA:9653,0
DA:9654,0
DA:9656,0
DA:9657,0
DA:9658,0
DA:9659,0
DA:9660,0
DA:9661,0
DA:9662,0
DA:9663,0
DA:9665,0
DA:9666,0
DA:9667,0
DA:9668,0
DA:9669,0
DA:9670,0
DA:9671,0
DA:9672,0
DA:9673,0
DA:9675,0
DA:9676,0
DA:9682,0
DA:9686,0
DA:9687,0
DA:9688,0
DA:9689,0
DA:9695,0
DA:9696,0
DA:9697,0
DA:9698,0
DA:9699,0
DA:9700,0
DA:9702,0
DA:9703,0
DA:9706,0
DA:9707,0
DA:9711,0
DA:9713,0
DA:9714,0
DA:9715,0
DA:9716,0
DA:9717,0
DA:9718,0
DA:9725,0
DA:9726,0
DA:9727,0
DA:9728,0
DA:9733,0
DA:9734,0
DA:9735,0
DA:9736,0
DA:9738,0
DA:9740,0
DA:9741,0
DA:9742,0
DA:9743,0
DA:9744,0
DA:9745,0
DA:9749,0
DA:9750,0
DA:9751,0
DA:9752,0
DA:9753,0
DA:9754,0
DA:9755,0
DA:9756,0
DA:9757,0
DA:9758,0
DA:9759,0
DA:9761,0
DA:9762,0
DA:9764,0
DA:9771,0
DA:9772,0
DA:9773,0
DA:9774,0
DA:9775,0
DA:9776,0
DA:9780,0
DA:9781,0
DA:9782,0
DA:9783,0
DA:9784,0
DA:9787,0
DA:9788,0
DA:9789,0
DA:9792,0
DA:9793,0
DA:9794,0
DA:9797,0
DA:9798,0
DA:9799,0
DA:9802,0
DA:9804,0
DA:9805,0
DA:9806,0
DA:9808,0
DA:9810,0
DA:9811,0
DA:9812,0
DA:9818,0
DA:9821,0
DA:9822,0
DA:9823,0
DA:9825,0
DA:9826,0
DA:9827,0
DA:9830,0
DA:9832,0
DA:9833,0
DA:9834,0
DA:9837,0
DA:9838,0
DA:9839,0
DA:9841,0
DA:9842,0
DA:9843,0
DA:9846,0
DA:9848,0
DA:9849,0
DA:9850,0
DA:9853,0
DA:9854,0
DA:9855,0
DA:9857,0
DA:9858,0
DA:9859,0
DA:9862,0
DA:9864,0
DA:9865,0
DA:9866,0
DA:9869,0
DA:9870,0
DA:9871,0
DA:9873,0
DA:9874,0
DA:9875,0
DA:9878,0
DA:9880,0
DA:9881,0
DA:9882,0
DA:9889,0
DA:9890,0
DA:9891,0
DA:9893,0
DA:9895,0
DA:9896,0
DA:9897,0
DA:9899,0
DA:9901,0
DA:9908,0
DA:9909,0
DA:9910,0
DA:9912,0
DA:9913,0
DA:9916,0
DA:9921,0
DA:9922,0
DA:9923,0
DA:9924,0
DA:9926,0
DA:9927,0
DA:9928,0
DA:9930,0
DA:9931,0
DA:9932,0
DA:9933,0
DA:9934,0
DA:9935,0
DA:9936,0
DA:9938,0
DA:9939,0
DA:9941,0
DA:9942,0
DA:9943,0
DA:9944,0
DA:9945,0
DA:9946,0
DA:9947,0
DA:9951,0
DA:9952,0
DA:9954,0
DA:9955,0
DA:9961,0
DA:9966,0
DA:9967,0
DA:9968,0
DA:9969,0
DA:9971,0
DA:9973,0
DA:9975,0
DA:9976,0
DA:9977,0
DA:9981,0
DA:9982,0
DA:9985,0
DA:9986,0
DA:9990,0
DA:9993,0
DA:9994,0
DA:9996,0
DA:9997,0
DA:9998,0
DA:9999,0
DA:10000,0
DA:10001,0
DA:10002,0
DA:10003,0
DA:10004,0
DA:10011,0
DA:10012,0
DA:10016,0
DA:10017,0
DA:10020,0
DA:10021,0
DA:10022,0
DA:10023,0
DA:10027,0
DA:10030,0
DA:10031,0
DA:10032,0
DA:10036,0
DA:10037,0
DA:10040,0
DA:10041,0
DA:10045,0
DA:10048,0
DA:10049,0
DA:10051,0
DA:10052,0
DA:10053,0
DA:10054,0
DA:10055,0
DA:10056,0
DA:10057,0
DA:10058,0
DA:10059,0
DA:10066,0
DA:10067,0
DA:10071,0
DA:10072,0
DA:10075,0
DA:10076,0
DA:10077,0
DA:10078,0
DA:10082,0
DA:10085,0
DA:10086,0
DA:10087,0
DA:10091,0
DA:10092,0
DA:10095,0
DA:10096,0
DA:10097,0
DA:10103,0
DA:10104,0
DA:10105,0
DA:10107,0
DA:10109,0
DA:10110,0
DA:10116,0
DA:10117,0
DA:10118,0
DA:10119,0
DA:10121,0
DA:10123,0
DA:10124,0
DA:10125,0
DA:10127,0
DA:10128,0
DA:10129,0
DA:10130,0
DA:10131,0
DA:10133,0
DA:10134,0
DA:10136,0
DA:10137,0
DA:10138,0
DA:10139,0
DA:10140,0
DA:10144,0
DA:10145,0
DA:10147,0
DA:10148,0
DA:10156,0
DA:10157,0
DA:10158,0
DA:10159,0
DA:10161,0
DA:10163,0
DA:10165,0
DA:10166,0
DA:10167,0
DA:10171,0
DA:10172,0
DA:10175,0
DA:10176,0
DA:10180,0
DA:10183,0
DA:10184,0
DA:10186,0
DA:10187,0
DA:10188,0
DA:10189,0
DA:10190,0
DA:10191,0
DA:10192,0
DA:10198,0
DA:10199,0
DA:10203,0
DA:10204,0
DA:10207,0
DA:10208,0
DA:10209,0
DA:10210,0
DA:10214,0
DA:10217,0
DA:10218,0
DA:10219,0
DA:10223,0
DA:10224,0
DA:10227,0
DA:10228,0
DA:10232,0
DA:10235,0
DA:10236,0
DA:10238,0
DA:10239,0
DA:10240,0
DA:10241,0
DA:10242,0
DA:10243,0
DA:10244,0
DA:10251,0
DA:10252,0
DA:10256,0
DA:10257,0
DA:10260,0
DA:10261,0
DA:10262,0
DA:10263,0
DA:10267,0
DA:10270,0
DA:10271,0
DA:10272,0
DA:10276,0
DA:10277,0
DA:10280,0
DA:10281,0
DA:10282,0
DA:10292,0
DA:10293,0
DA:10294,0
DA:10295,0
DA:10296,0
DA:10297,0
DA:10298,0
DA:10302,0
DA:10303,0
DA:10305,0
DA:10306,0
DA:10308,0
DA:10311,0
DA:10312,0
DA:10313,0
DA:10314,0
DA:10315,0
DA:10316,0
DA:10318,0
DA:10320,0
DA:10321,0
DA:10322,0
DA:10323,0
DA:10324,0
DA:10326,0
DA:10328,0
DA:10334,0
DA:10335,0
DA:10336,0
DA:10337,0
DA:10340,0
DA:10341,0
DA:10343,0
DA:10348,0
DA:10356,0
DA:10371,0
DA:10410,0
DA:10411,0
DA:10441,0
DA:10443,0
DA:10444,0
DA:10445,0
DA:10448,0
DA:10450,0
DA:10451,0
DA:10452,0
DA:10453,0
DA:10454,0
DA:10457,0
DA:10459,0
DA:10460,0
DA:10461,0
DA:10462,0
DA:10463,0
DA:10464,0
DA:10465,0
DA:10466,0
DA:10467,0
DA:10468,0
DA:10469,0
DA:10470,0
DA:10471,0
DA:10472,0
DA:10476,0
DA:10477,0
DA:10478,0
DA:10480,0
DA:10481,0
DA:10482,0
DA:10483,0
DA:10484,0
DA:10485,0
DA:10486,0
DA:10487,0
DA:10488,0
DA:10489,0
DA:10490,0
DA:10498,0
DA:10499,0
DA:10500,0
DA:10501,0
DA:10503,0
DA:10504,0
DA:10506,0
DA:10507,0
DA:10509,0
DA:10510,0
DA:10512,0
DA:10513,0
DA:10518,0
DA:10519,0
DA:10520,0
DA:10521,0
DA:10522,0
DA:10526,0
DA:10527,0
DA:10528,0
DA:10529,0
DA:10530,0
DA:10531,0
DA:10536,0
DA:10537,0
DA:10544,0
DA:10547,0
DA:10548,0
DA:10549,0
DA:10551,0
DA:10552,0
DA:10553,0
DA:10554,0
DA:10555,0
DA:10556,0
DA:10557,0
DA:10558,0
DA:10559,0
DA:10560,0
DA:10561,0
DA:10562,0
DA:10563,0
DA:10564,0
DA:10565,0
DA:10566,0
DA:10567,0
DA:10568,0
DA:10569,0
DA:10570,0
DA:10571,0
DA:10572,0
DA:10573,0
DA:10574,0
DA:10575,0
DA:10576,0
DA:10578,0
DA:10581,0
DA:10582,0
DA:10583,0
DA:10584,0
DA:10585,0
DA:10586,0
DA:10587,0
DA:10591,0
DA:10592,0
DA:10593,0
DA:10595,0
DA:10596,0
DA:10597,0
DA:10598,0
DA:10599,0
DA:10600,0
DA:10602,0
DA:10607,0
DA:10608,0
DA:10609,0
DA:10610,0
DA:10611,0
DA:10612,0
DA:10613,0
DA:10614,0
DA:10615,0
DA:10617,0
DA:10618,0
DA:10620,0
DA:10621,0
DA:10622,0
DA:10623,0
DA:10625,0
DA:10626,0
DA:10627,0
DA:10629,0
DA:10630,0
DA:10637,0
DA:10638,0
DA:10640,0
DA:10642,0
DA:10643,0
DA:10647,0
DA:10648,0
DA:10650,0
DA:10651,0
DA:10652,0
DA:10656,0
DA:10657,0
DA:10661,0
DA:10662,0
DA:10663,0
DA:10665,0
DA:10669,0
DA:10670,0
DA:10674,0
DA:10675,0
DA:10679,0
DA:10680,0
DA:10681,0
DA:10682,0
DA:10683,0
DA:10684,0
DA:10685,0
DA:10686,0
DA:10688,0
DA:10689,0
DA:10691,0
DA:10692,0
DA:10700,0
DA:10701,0
DA:10702,0
DA:10705,0
DA:10707,0
DA:10709,0
DA:10710,0
DA:10714,0
DA:10716,0
DA:10717,0
DA:10718,0
DA:10722,0
DA:10723,0
DA:10724,0
DA:10725,0
DA:10726,0
DA:10727,0
DA:10729,0
DA:10730,0
DA:10735,0
DA:10736,0
DA:10737,0
DA:10739,0
DA:10740,0
DA:10744,0
DA:10745,0
DA:10746,0
DA:10750,0
DA:10751,0
DA:10752,0
DA:10753,0
DA:10762,0
DA:10763,0
DA:10764,0
DA:10768,0
DA:10769,0
DA:10770,0
DA:10771,0
DA:10772,0
DA:10773,0
DA:10776,0
DA:10779,0
DA:10784,0
DA:10785,0
DA:10786,0
DA:10789,0
DA:10792,0
DA:10793,0
DA:10796,0
DA:10797,0
DA:10800,0
DA:10801,0
DA:10804,0
DA:10805,0
DA:10806,0
DA:10807,0
DA:10811,0
DA:10812,0
DA:10813,0
DA:10814,0
DA:10815,0
DA:10816,0
DA:10817,0
DA:10818,0
DA:10819,0
DA:10820,0
DA:10821,0
DA:10822,0
DA:10824,0
DA:10825,0
DA:10826,0
DA:10827,0
DA:10828,0
DA:10829,0
DA:10830,0
DA:10831,0
DA:10832,0
DA:10833,0
DA:10834,0
DA:10835,0
DA:10836,0
DA:10837,0
DA:10838,0
DA:10839,0
DA:10840,0
DA:10841,0
DA:10843,0
DA:10844,0
DA:10845,0
DA:10846,0
DA:10847,0
DA:10850,0
DA:10851,0
DA:10853,0
DA:10854,0
DA:10855,0
DA:10859,0
DA:10860,0
DA:10861,0
DA:10866,0
DA:10868,0
DA:10870,0
DA:10871,0
DA:10872,0
DA:10873,0
DA:10877,0
DA:10878,0
DA:10880,0
DA:10881,0
[...]
DA:4697,0
DA:4698,0
DA:4699,0
DA:4700,0
DA:4701,0
DA:4702,0
DA:4703,0
DA:4705,0
DA:4706,0
DA:4707,0
DA:4708,0
DA:4709,0
DA:4710,0
DA:4712,0
DA:4715,0
DA:4717,0
DA:4718,0
DA:4719,0
DA:4720,0
DA:4721,0
DA:4722,0
DA:4728,0
DA:4736,0
DA:4737,0
DA:4739,0
DA:4740,0
DA:4741,0
DA:4742,0
DA:4746,0
DA:4756,0
DA:4757,0
DA:4759,0
DA:4760,0
DA:4761,0
DA:4764,0
DA:4766,0
DA:4767,0
DA:4768,0
DA:4769,0
DA:4770,0
DA:4772,0
DA:4773,0
DA:4775,0
DA:4776,0
DA:4777,0
DA:4778,0
DA:4779,0
DA:4780,0
DA:4782,0
DA:4785,0
DA:4787,0
DA:4788,0
DA:4789,0
DA:4790,0
DA:4791,0
DA:4792,0
DA:4793,0
DA:4794,0
DA:4795,0
DA:4800,0
DA:4811,0
DA:4813,0
DA:4814,0
DA:4819,0
DA:4826,0
DA:4830,0
DA:4833,0
DA:4834,0
DA:4837,0
DA:4838,0
DA:4839,0
DA:4840,0
DA:4846,0
DA:4858,0
DA:4860,0
DA:4861,0
DA:4864,0
DA:4865,0
DA:4869,0
DA:4870,0
DA:4873,0
DA:4874,0
DA:4878,0
DA:4879,0
DA:4883,0
DA:4884,0
DA:4885,0
DA:4887,0
DA:4888,0
DA:4889,0
LF:1996
LH:0
end_of_record
SF:lib\utils\widgets\datePicker\library\picker_helper.dart
DA:13,0
DA:14,0
DA:18,0
DA:20,0
DA:24,0
DA:26,0
DA:34,0
DA:40,0
DA:41,0
DA:42,0
DA:50,0
DA:52,0
DA:58,0
DA:61,0
DA:67,0
DA:71,0
DA:72,0
DA:81,0
DA:84,0
DA:89,0
DA:91,0
DA:92,0
DA:93,0
DA:95,0
DA:97,0
DA:99,0
DA:101,0
DA:103,0
DA:105,0
DA:111,0
DA:114,0
DA:119,0
DA:121,0
DA:122,0
DA:123,0
DA:125,0
DA:127,0
DA:129,0
DA:131,0
DA:133,0
DA:135,0
DA:143,0
DA:144,0
DA:150,0
DA:151,0
DA:155,0
DA:156,0
DA:160,0
DA:161,0
DA:165,0
DA:167,0
DA:170,0
DA:171,0
DA:172,0
DA:177,0
DA:181,0
DA:183,0
DA:189,0
DA:192,0
DA:198,0
DA:202,0
DA:203,0
DA:213,0
DA:215,0
DA:218,0
DA:223,0
DA:225,0
DA:229,0
DA:230,0
DA:231,0
DA:232,0
DA:233,0
DA:234,0
DA:235,0
DA:245,0
DA:256,0
DA:260,0
DA:261,0
DA:262,0
DA:264,0
DA:266,0
DA:267,0
DA:270,0
DA:271,0
DA:273,0
DA:274,0
DA:276,0
DA:277,0
DA:278,0
DA:279,0
DA:280,0
DA:281,0
DA:282,0
DA:288,0
DA:290,0
DA:291,0
DA:300,0
DA:302,0
DA:307,0
DA:310,0
DA:312,0
DA:313,0
DA:314,0
DA:317,0
DA:318,0
DA:319,0
DA:323,0
DA:324,0
DA:330,0
DA:332,0
DA:336,0
DA:337,0
DA:338,0
DA:339,0
DA:344,0
DA:353,0
DA:354,0
DA:358,0
DA:362,0
DA:372,0
DA:375,0
DA:381,0
DA:391,0
DA:394,0
DA:400,0
DA:408,0
DA:410,0
DA:412,0
DA:413,0
DA:414,0
DA:415,0
DA:420,0
DA:421,0
DA:422,0
DA:423,0
DA:424,0
DA:430,0
DA:431,0
DA:432,0
DA:435,0
DA:436,0
DA:437,0
DA:439,0
DA:440,0
DA:441,0
DA:451,0
DA:452,0
DA:454,0
DA:456,0
DA:458,0
DA:460,0
DA:468,0
DA:473,0
DA:475,0
DA:481,0
DA:483,0
DA:485,0
DA:486,0
DA:487,0
DA:491,0
DA:493,0
DA:495,0
DA:496,0
DA:497,0
DA:501,0
DA:503,0
DA:504,0
DA:505,0
DA:507,0
DA:516,0
DA:524,0
DA:526,0
DA:527,0
DA:528,0
DA:529,0
DA:530,0
DA:531,0
DA:536,0
DA:537,0
DA:538,0
DA:539,0
DA:540,0
DA:546,0
DA:547,0
DA:548,0
DA:551,0
DA:552,0
DA:553,0
DA:554,0
DA:555,0
DA:556,0
DA:565,0
DA:570,0
DA:574,0
DA:579,0
DA:584,0
DA:586,0
DA:587,0
DA:588,0
DA:589,0
DA:590,0
DA:592,0
DA:593,0
DA:594,0
DA:595,0
DA:596,0
DA:597,0
DA:599,0
DA:600,0
DA:601,0
DA:602,0
DA:603,0
DA:604,0
DA:606,0
DA:607,0
DA:608,0
DA:609,0
DA:610,0
DA:611,0
DA:613,0
DA:614,0
DA:615,0
DA:616,0
DA:617,0
DA:618,0
DA:620,0
DA:621,0
DA:622,0
DA:623,0
DA:624,0
DA:625,0
DA:627,0
DA:628,0
DA:629,0
DA:630,0
DA:631,0
DA:632,0
DA:634,0
DA:635,0
DA:636,0
DA:637,0
DA:638,0
DA:639,0
DA:642,0
DA:643,0
DA:644,0
DA:645,0
DA:646,0
DA:647,0
DA:650,0
DA:651,0
DA:652,0
DA:653,0
DA:654,0
DA:655,0
DA:657,0
DA:658,0
DA:659,0
DA:660,0
DA:661,0
DA:662,0
DA:664,0
DA:666,0
DA:667,0
DA:668,0
DA:669,0
DA:671,0
DA:676,0
DA:677,0
DA:682,0
DA:686,0
DA:690,0
DA:700,0
DA:701,0
DA:706,0
DA:710,0
DA:714,0
DA:718,0
DA:728,0
DA:733,0
DA:737,0
DA:743,0
DA:747,0
DA:749,0
DA:752,0
DA:756,0
DA:758,0
DA:761,0
DA:768,0
DA:773,0
DA:774,0
DA:775,0
DA:778,0
DA:779,0
DA:780,0
DA:781,0
DA:782,0
DA:783,0
DA:794,0
DA:796,0
DA:797,0
DA:798,0
DA:802,0
DA:803,0
DA:805,0
DA:806,0
DA:807,0
DA:808,0
DA:819,0
DA:825,0
DA:826,0
DA:830,0
DA:831,0
DA:832,0
DA:833,0
DA:834,0
DA:835,0
DA:836,0
DA:839,0
DA:840,0
DA:841,0
DA:842,0
DA:843,0
DA:844,0
DA:846,0
DA:847,0
DA:848,0
DA:849,0
DA:850,0
DA:852,0
DA:862,0
DA:863,0
DA:864,0
DA:868,0
DA:870,0
DA:871,0
DA:872,0
DA:873,0
DA:874,0
DA:875,0
DA:877,0
DA:878,0
DA:886,0
DA:889,0
DA:892,0
DA:893,0
DA:894,0
DA:895,0
DA:896,0
DA:897,0
DA:902,0
DA:906,0
DA:908,0
DA:916,0
DA:919,0
DA:924,0
DA:926,0
DA:927,0
DA:928,0
DA:929,0
DA:930,0
DA:931,0
DA:932,0
DA:939,0
DA:940,0
DA:941,0
DA:948,0
DA:951,0
DA:952,0
DA:953,0
DA:954,0
DA:959,0
DA:961,0
DA:962,0
DA:963,0
DA:964,0
DA:967,0
DA:968,0
DA:970,0
DA:971,0
DA:975,0
DA:976,0
DA:979,0
DA:980,0
DA:981,0
DA:982,0
DA:983,0
DA:986,0
DA:988,0
DA:991,0
DA:1003,0
DA:1036,0
DA:1037,0
DA:1038,0
DA:1039,0
DA:1040,0
DA:1041,0
DA:1042,0
DA:1043,0
DA:1044,0
LF:400
LH:0
end_of_record
SF:lib\utils\widgets\datePicker\library\year_view.dart
DA:16,0
DA:165,0
DA:167,0
DA:178,0
DA:180,0
DA:181,0
DA:182,0
DA:183,0
DA:184,0
DA:185,0
DA:186,0
DA:187,0
DA:188,0
DA:189,0
DA:190,0
DA:193,0
DA:195,0
DA:196,0
DA:197,0
DA:198,0
DA:199,0
DA:200,0
DA:201,0
DA:202,0
DA:203,0
DA:204,0
DA:205,0
DA:206,0
DA:207,0
DA:208,0
DA:209,0
DA:210,0
DA:213,0
DA:214,0
DA:215,0
DA:218,0
DA:219,0
DA:222,0
DA:224,0
DA:225,0
DA:228,0
DA:230,0
DA:232,0
DA:233,0
DA:235,0
DA:236,0
DA:238,0
DA:239,0
DA:243,0
DA:245,0
DA:247,0
DA:249,0
DA:252,0
DA:253,0
DA:254,0
DA:255,0
DA:257,0
DA:259,0
DA:263,0
DA:264,0
DA:265,0
DA:269,0
DA:270,0
DA:271,0
DA:273,0
DA:274,0
DA:275,0
DA:276,0
DA:277,0
DA:280,0
DA:281,0
DA:283,0
DA:286,0
DA:287,0
DA:288,0
DA:289,0
DA:293,0
DA:294,0
DA:296,0
DA:297,0
DA:299,0
DA:300,0
DA:302,0
DA:304,0
DA:305,0
DA:307,0
DA:308,0
DA:313,0
DA:316,0
DA:317,0
DA:318,0
DA:320,0
DA:321,0
DA:322,0
DA:323,0
DA:324,0
DA:325,0
DA:326,0
DA:327,0
DA:328,0
DA:329,0
DA:330,0
DA:331,0
DA:332,0
DA:333,0
DA:334,0
DA:335,0
DA:336,0
DA:337,0
DA:338,0
DA:339,0
DA:340,0
DA:341,0
DA:342,0
DA:343,0
DA:344,0
DA:345,0
DA:346,0
DA:347,0
DA:348,0
DA:349,0
DA:350,0
DA:351,0
DA:352,0
DA:354,0
DA:356,0
DA:357,0
DA:358,0
DA:359,0
DA:360,0
DA:361,0
DA:362,0
DA:363,0
DA:364,0
DA:365,0
DA:366,0
DA:367,0
DA:368,0
DA:369,0
DA:370,0
DA:371,0
DA:372,0
DA:373,0
DA:374,0
DA:375,0
DA:376,0
DA:377,0
DA:378,0
DA:379,0
DA:380,0
DA:381,0
DA:382,0
DA:383,0
DA:384,0
DA:385,0
DA:386,0
DA:387,0
DA:388,0
DA:390,0
DA:392,0
DA:393,0
DA:394,0
DA:395,0
DA:396,0
DA:397,0
DA:398,0
DA:399,0
DA:400,0
DA:401,0
DA:402,0
DA:403,0
DA:404,0
DA:405,0
DA:406,0
DA:407,0
DA:408,0
DA:409,0
DA:410,0
DA:411,0
DA:412,0
DA:413,0
DA:414,0
DA:415,0
DA:416,0
DA:417,0
DA:418,0
DA:419,0
DA:420,0
DA:421,0
DA:422,0
DA:423,0
DA:424,0
DA:426,0
DA:428,0
DA:429,0
DA:430,0
DA:431,0
DA:432,0
DA:433,0
DA:434,0
DA:435,0
DA:436,0
DA:437,0
DA:438,0
DA:439,0
DA:440,0
DA:441,0
DA:442,0
DA:443,0
DA:444,0
DA:445,0
DA:446,0
DA:447,0
DA:448,0
DA:449,0
DA:450,0
DA:451,0
DA:452,0
DA:453,0
DA:454,0
DA:455,0
DA:456,0
DA:457,0
DA:458,0
DA:459,0
DA:460,0
DA:461,0
DA:463,0
DA:465,0
DA:466,0
DA:467,0
DA:468,0
DA:469,0
DA:470,0
DA:471,0
DA:472,0
DA:473,0
DA:474,0
DA:475,0
DA:476,0
DA:477,0
DA:478,0
DA:479,0
DA:480,0
DA:481,0
DA:482,0
DA:483,0
DA:484,0
DA:485,0
DA:486,0
DA:487,0
DA:488,0
DA:489,0
DA:490,0
DA:491,0
DA:492,0
DA:493,0
DA:494,0
DA:495,0
DA:496,0
DA:497,0
DA:502,0
DA:503,0
DA:504,0
DA:505,0
DA:506,0
DA:507,0
DA:508,0
DA:509,0
DA:510,0
DA:514,0
DA:518,0
DA:519,0
DA:520,0
DA:521,0
DA:522,0
DA:523,0
DA:524,0
DA:530,0
DA:536,0
DA:537,0
DA:538,0
DA:540,0
DA:542,0
DA:544,0
DA:546,0
DA:547,0
DA:549,0
DA:551,0
DA:553,0
DA:558,0
DA:559,0
DA:560,0
DA:562,0
DA:564,0
DA:566,0
DA:567,0
DA:569,0
DA:570,0
DA:572,0
DA:573,0
DA:575,0
DA:577,0
DA:578,0
DA:585,0
DA:618,0
DA:706,0
DA:708,0
DA:709,0
DA:710,0
DA:711,0
DA:712,0
DA:713,0
DA:714,0
DA:715,0
DA:716,0
DA:717,0
DA:718,0
DA:719,0
DA:720,0
DA:721,0
DA:722,0
DA:723,0
DA:724,0
DA:725,0
DA:726,0
DA:727,0
DA:728,0
DA:729,0
DA:730,0
DA:731,0
DA:732,0
DA:733,0
DA:734,0
DA:735,0
DA:736,0
DA:737,0
DA:738,0
DA:741,0
DA:745,0
DA:746,0
DA:747,0
DA:748,0
DA:749,0
DA:750,0
DA:751,0
DA:752,0
DA:753,0
DA:754,0
DA:755,0
DA:756,0
DA:757,0
DA:758,0
DA:759,0
DA:760,0
DA:761,0
DA:762,0
DA:763,0
DA:764,0
DA:765,0
DA:766,0
DA:767,0
DA:768,0
DA:769,0
DA:770,0
DA:771,0
DA:772,0
DA:773,0
DA:774,0
DA:779,0
DA:812,0
DA:900,0
DA:902,0
DA:903,0
DA:904,0
DA:905,0
DA:906,0
DA:907,0
DA:908,0
DA:909,0
DA:910,0
DA:911,0
DA:912,0
DA:913,0
DA:914,0
DA:915,0
DA:916,0
DA:917,0
DA:918,0
DA:919,0
DA:920,0
DA:921,0
DA:922,0
DA:923,0
DA:924,0
DA:925,0
DA:926,0
DA:927,0
DA:928,0
DA:929,0
DA:930,0
DA:931,0
DA:932,0
DA:935,0
DA:939,0
DA:940,0
DA:941,0
DA:942,0
DA:943,0
DA:944,0
DA:945,0
DA:946,0
DA:947,0
DA:948,0
DA:949,0
DA:950,0
DA:951,0
DA:952,0
DA:953,0
DA:954,0
DA:955,0
DA:956,0
DA:957,0
DA:958,0
DA:959,0
DA:960,0
DA:961,0
DA:962,0
DA:963,0
DA:964,0
DA:965,0
DA:966,0
DA:967,0
DA:968,0
DA:973,0
DA:1006,0
DA:1094,0
DA:1096,0
DA:1097,0
DA:1098,0
DA:1099,0
DA:1100,0
DA:1101,0
DA:1102,0
DA:1103,0
DA:1104,0
DA:1105,0
DA:1106,0
DA:1107,0
DA:1108,0
DA:1109,0
DA:1110,0
DA:1111,0
DA:1112,0
DA:1113,0
DA:1114,0
DA:1115,0
DA:1116,0
DA:1117,0
DA:1118,0
DA:1119,0
DA:1120,0
DA:1121,0
DA:1122,0
DA:1123,0
DA:1124,0
DA:1125,0
DA:1126,0
DA:1129,0
DA:1133,0
DA:1134,0
DA:1135,0
DA:1136,0
DA:1137,0
DA:1138,0
DA:1139,0
DA:1140,0
DA:1141,0
DA:1142,0
DA:1143,0
DA:1144,0
DA:1145,0
DA:1146,0
DA:1147,0
DA:1148,0
DA:1149,0
DA:1150,0
DA:1151,0
DA:1152,0
DA:1153,0
DA:1154,0
DA:1155,0
DA:1156,0
DA:1157,0
DA:1158,0
DA:1159,0
DA:1160,0
DA:1161,0
DA:1162,0
DA:1168,0
DA:1202,0
DA:1292,0
DA:1295,0
DA:1296,0
DA:1297,0
DA:1298,0
DA:1299,0
DA:1300,0
DA:1301,0
DA:1302,0
DA:1303,0
DA:1304,0
DA:1305,0
DA:1306,0
DA:1307,0
DA:1308,0
DA:1309,0
DA:1310,0
DA:1311,0
DA:1312,0
DA:1313,0
DA:1314,0
DA:1315,0
DA:1316,0
DA:1317,0
DA:1318,0
DA:1319,0
DA:1320,0
DA:1321,0
DA:1322,0
DA:1323,0
DA:1324,0
DA:1325,0
DA:1326,0
DA:1329,0
DA:1333,0
DA:1334,0
DA:1335,0
DA:1336,0
DA:1337,0
DA:1338,0
DA:1339,0
DA:1340,0
DA:1341,0
DA:1342,0
DA:1343,0
DA:1344,0
DA:1345,0
DA:1346,0
DA:1347,0
DA:1348,0
DA:1349,0
DA:1350,0
DA:1351,0
DA:1352,0
DA:1353,0
DA:1354,0
DA:1355,0
DA:1356,0
DA:1357,0
DA:1358,0
DA:1359,0
DA:1360,0
DA:1361,0
DA:1362,0
DA:1363,0
DA:1368,0
DA:1401,0
DA:1490,0
DA:1492,0
DA:1493,0
DA:1494,0
DA:1495,0
DA:1496,0
DA:1497,0
DA:1498,0
DA:1499,0
DA:1500,0
DA:1501,0
DA:1502,0
DA:1503,0
DA:1504,0
DA:1505,0
DA:1506,0
DA:1507,0
DA:1508,0
DA:1509,0
DA:1510,0
DA:1511,0
DA:1512,0
DA:1513,0
DA:1514,0
DA:1515,0
DA:1516,0
DA:1517,0
DA:1518,0
DA:1519,0
DA:1520,0
DA:1521,0
DA:1522,0
DA:1525,0
DA:1529,0
DA:1530,0
DA:1531,0
DA:1532,0
DA:1533,0
DA:1534,0
DA:1535,0
DA:1536,0
DA:1537,0
DA:1538,0
DA:1539,0
DA:1540,0
DA:1541,0
DA:1542,0
DA:1543,0
DA:1544,0
DA:1545,0
DA:1546,0
DA:1547,0
DA:1548,0
DA:1549,0
DA:1550,0
DA:1551,0
DA:1552,0
DA:1553,0
DA:1554,0
DA:1555,0
DA:1556,0
DA:1557,0
DA:1558,0
DA:1566,0
DA:1599,0
DA:1600,0
DA:1602,0
DA:1603,0
DA:1607,0
DA:1608,0
DA:1609,0
DA:1611,0
DA:1617,0
DA:1619,0
DA:1620,0
DA:1624,0
DA:1625,0
DA:1629,0
DA:1634,0
DA:1636,0
DA:1637,0
DA:1641,0
DA:1642,0
DA:1646,0
DA:1651,0
DA:1653,0
DA:1654,0
DA:1658,0
DA:1659,0
DA:1663,0
DA:1668,0
DA:1670,0
DA:1671,0
DA:1675,0
DA:1676,0
DA:1680,0
DA:1685,0
DA:1687,0
DA:1688,0
DA:1692,0
DA:1693,0
DA:1697,0
DA:1702,0
DA:1704,0
DA:1705,0
DA:1709,0
DA:1710,0
DA:1714,0
DA:1719,0
DA:1721,0
DA:1722,0
DA:1726,0
DA:1727,0
DA:1731,0
DA:1736,0
DA:1738,0
DA:1739,0
DA:1743,0
DA:1744,0
DA:1745,0
DA:1747,0
DA:1753,0
DA:1755,0
DA:1756,0
DA:1760,0
DA:1761,0
DA:1766,0
DA:1768,0
DA:1769,0
DA:1773,0
DA:1774,0
DA:1778,0
DA:1783,0
DA:1785,0
DA:1786,0
DA:1790,0
DA:1791,0
DA:1795,0
DA:1800,0
DA:1802,0
DA:1803,0
DA:1807,0
DA:1808,0
DA:1809,0
DA:1811,0
DA:1817,0
DA:1819,0
DA:1820,0
DA:1824,0
DA:1825,0
DA:1826,0
DA:1828,0
DA:1834,0
DA:1836,0
DA:1837,0
DA:1841,0
DA:1842,0
DA:1843,0
DA:1845,0
DA:1851,0
DA:1853,0
DA:1854,0
DA:1858,0
DA:1859,0
DA:1864,0
DA:1866,0
DA:1867,0
DA:1871,0
DA:1872,0
DA:1873,0
DA:1878,0
DA:1880,0
DA:1881,0
DA:1885,0
DA:1886,0
DA:1891,0
DA:1893,0
DA:1894,0
DA:1898,0
DA:1899,0
DA:1900,0
DA:1902,0
DA:1909,0
DA:1911,0
DA:1912,0
DA:1916,0
DA:1917,0
DA:1918,0
DA:1920,0
DA:1926,0
DA:1928,0
DA:1929,0
DA:1933,0
DA:1934,0
DA:1938,0
DA:1943,0
DA:1945,0
DA:1946,0
DA:1950,0
DA:1951,0
DA:1952,0
DA:1954,0
DA:1960,0
DA:1962,0
DA:1963,0
DA:1967,0
DA:1968,0
DA:1969,0
DA:1971,0
DA:1977,0
DA:1979,0
DA:1980,0
DA:1984,0
DA:1985,0
DA:1989,0
DA:1994,0
DA:1996,0
DA:1997,0
DA:2001,0
DA:2002,0
DA:2006,0
DA:2011,0
DA:2013,0
DA:2014,0
DA:2018,0
DA:2019,0
DA:2020,0
DA:2022,0
DA:2029,0
DA:2031,0
DA:2032,0
DA:2036,0
DA:2037,0
DA:2038,0
DA:2040,0
DA:2046,0
DA:2048,0
DA:2049,0
DA:2053,0
DA:2054,0
DA:2055,0
DA:2057,0
DA:2083,0
DA:2085,0
DA:2086,0
DA:2090,0
DA:2092,0
DA:2093,0
DA:2096,0
DA:2098,0
DA:2099,0
DA:2103,0
DA:2105,0
DA:2106,0
DA:2107,0
DA:2108,0
DA:2113,0
DA:2114,0
DA:2115,0
DA:2116,0
DA:2118,0
DA:2120,0
DA:2124,0
DA:2125,0
DA:2127,0
DA:2132,0
DA:2139,0
DA:2141,0
DA:2142,0
DA:2145,0
DA:2151,0
DA:2152,0
DA:2153,0
DA:2154,0
DA:2155,0
DA:2156,0
DA:2157,0
DA:2158,0
DA:2160,0
DA:2161,0
DA:2162,0
DA:2163,0
DA:2165,0
DA:2166,0
DA:2169,0
DA:2176,0
DA:2177,0
DA:2178,0
DA:2180,0
DA:2183,0
DA:2184,0
DA:2185,0
DA:2186,0
DA:2187,0
DA:2190,0
DA:2192,0
DA:2193,0
DA:2196,0
DA:2221,0
DA:2223,0
DA:2227,0
DA:2228,0
DA:2230,0
DA:2231,0
DA:2232,0
DA:2233,0
DA:2235,0
DA:2237,0
DA:2239,0
DA:2241,0
DA:2244,0
DA:2245,0
DA:2246,0
DA:2247,0
DA:2249,0
DA:2250,0
DA:2254,0
DA:2257,0
DA:2259,0
DA:2260,0
DA:2261,0
DA:2262,0
DA:2263,0
DA:2264,0
DA:2265,0
DA:2266,0
DA:2267,0
DA:2271,0
DA:2272,0
DA:2273,0
DA:2274,0
DA:2275,0
DA:2276,0
DA:2278,0
DA:2279,0
DA:2284,0
DA:2285,0
DA:2286,0
DA:2287,0
DA:2290,0
DA:2291,0
DA:2293,0
DA:2294,0
DA:2298,0
DA:2299,0
DA:2300,0
DA:2301,0
DA:2309,0
DA:2311,0
DA:2312,0
DA:2313,0
DA:2320,0
DA:2321,0
DA:2326,0
DA:2332,0
DA:2333,0
DA:2334,0
DA:2337,0
DA:2338,0
DA:2339,0
DA:2341,0
DA:2342,0
DA:2350,0
DA:2351,0
DA:2352,0
DA:2354,0
DA:2355,0
DA:2361,0
DA:2367,0
DA:2374,0
DA:2375,0
DA:2381,0
DA:2382,0
DA:2384,0
DA:2385,0
DA:2386,0
DA:2387,0
DA:2389,0
DA:2391,0
DA:2392,0
DA:2393,0
DA:2394,0
DA:2400,0
DA:2401,0
DA:2402,0
DA:2403,0
DA:2404,0
DA:2405,0
DA:2407,0
DA:2409,0
DA:2410,0
DA:2411,0
DA:2412,0
DA:2418,0
DA:2434,0
DA:2435,0
DA:2436,0
DA:2437,0
DA:2438,0
DA:2439,0
DA:2440,0
DA:2441,0
DA:2442,0
DA:2444,0
DA:2445,0
DA:2448,0
DA:2449,0
DA:2450,0
DA:2451,0
DA:2452,0
DA:2453,0
DA:2454,0
DA:2455,0
DA:2460,0
DA:2464,0
DA:2465,0
DA:2466,0
DA:2472,0
DA:2485,0
DA:2489,0
DA:2494,0
DA:2495,0
DA:2496,0
DA:2497,0
DA:2500,0
DA:2501,0
DA:2507,0
DA:2509,0
DA:2510,0
DA:2513,0
DA:2514,0
DA:2517,0
DA:2518,0
DA:2519,0
DA:2520,0
DA:2521,0
DA:2523,0
DA:2526,0
DA:2527,0
DA:2529,0
DA:2530,0
DA:2533,0
DA:2534,0
DA:2535,0
DA:2536,0
DA:2539,0
DA:2549,0
DA:2550,0
DA:2551,0
DA:2552,0
DA:2553,0
DA:2555,0
DA:2556,0
DA:2560,0
DA:2561,0
DA:2562,0
DA:2563,0
DA:2564,0
DA:2565,0
DA:2566,0
DA:2567,0
DA:2572,0
DA:2576,0
DA:2577,0
DA:2578,0
DA:2581,0
DA:2590,0
DA:2591,0
DA:2593,0
DA:2594,0
DA:2595,0
DA:2596,0
DA:2599,0
DA:2602,0
DA:2606,0
DA:2610,0
DA:2613,0
DA:2614,0
DA:2617,0
DA:2620,0
DA:2623,0
DA:2624,0
DA:2627,0
DA:2628,0
DA:2632,0
DA:2633,0
DA:2634,0
DA:2637,0
DA:2642,0
DA:2673,0
DA:2706,0
DA:2708,0
DA:2709,0
DA:2713,0
DA:2714,0
DA:2715,0
DA:2717,0
DA:2721,0
DA:2723,0
DA:2726,0
DA:2738,0
DA:2739,0
DA:2741,0
DA:2742,0
DA:2746,0
DA:2747,0
DA:2748,0
DA:2749,0
DA:2750,0
DA:2752,0
DA:2753,0
DA:2755,0
DA:2756,0
DA:2758,0
DA:2759,0
DA:2760,0
DA:2763,0
DA:2765,0
DA:2766,0
DA:2767,0
DA:2768,0
DA:2769,0
DA:2772,0
DA:2774,0
DA:2775,0
DA:2779,0
DA:2780,0
DA:2782,0
DA:2783,0
DA:2789,0
DA:2796,0
DA:2827,0
DA:2860,0
DA:2862,0
DA:2863,0
DA:2867,0
DA:2868,0
DA:2869,0
DA:2871,0
DA:2875,0
DA:2877,0
DA:2880,0
DA:2892,0
DA:2893,0
DA:2895,0
DA:2896,0
DA:2900,0
DA:2901,0
DA:2902,0
DA:2903,0
DA:2904,0
DA:2906,0
DA:2907,0
DA:2909,0
DA:2910,0
DA:2912,0
DA:2913,0
DA:2914,0
DA:2917,0
DA:2919,0
DA:2920,0
DA:2921,0
DA:2922,0
DA:2923,0
DA:2926,0
DA:2928,0
DA:2929,0
DA:2932,0
DA:2933,0
DA:2934,0
DA:2936,0
DA:2937,0
DA:2944,0
DA:2951,0
DA:2982,0
DA:3015,0
DA:3017,0
DA:3018,0
DA:3022,0
DA:3023,0
DA:3024,0
DA:3026,0
DA:3032,0
DA:3034,0
DA:3035,0
DA:3038,0
DA:3050,0
DA:3051,0
DA:3053,0
DA:3054,0
DA:3058,0
DA:3059,0
DA:3060,0
DA:3061,0
DA:3062,0
DA:3064,0
DA:3065,0
DA:3066,0
DA:3067,0
DA:3068,0
DA:3070,0
DA:3073,0
DA:3074,0
DA:3079,0
DA:3080,0
DA:3082,0
DA:3083,0
DA:3085,0
DA:3086,0
DA:3087,0
DA:3090,0
DA:3091,0
DA:3092,0
DA:3093,0
DA:3095,0
DA:3096,0
DA:3099,0
DA:3100,0
DA:3101,0
DA:3102,0
DA:3103,0
DA:3104,0
DA:3105,0
DA:3108,0
DA:3110,0
DA:3111,0
DA:3112,0
DA:3113,0
DA:3114,0
DA:3115,0
DA:3116,0
DA:3118,0
DA:3119,0
DA:3121,0
DA:3122,0
DA:3124,0
DA:3125,0
DA:3127,0
DA:3128,0
DA:3130,0
DA:3133,0
DA:3152,0
DA:3154,0
DA:3155,0
DA:3160,0
DA:3161,0
DA:3170,0
DA:3173,0
DA:3175,0
DA:3176,0
DA:3177,0
DA:3180,0
DA:3181,0
DA:3182,0
DA:3183,0
DA:3185,0
DA:3188,0
DA:3194,0
DA:3195,0
DA:3200,0
DA:3232,0
DA:3265,0
DA:3267,0
DA:3268,0
DA:3272,0
DA:3273,0
DA:3274,0
DA:3276,0
DA:3282,0
DA:3283,0
DA:3285,0
DA:3287,0
DA:3291,0
DA:3292,0
DA:3293,0
DA:3295,0
DA:3301,0
DA:3303,0
DA:3304,0
DA:3307,0
DA:3319,0
DA:3320,0
DA:3322,0
DA:3323,0
DA:3328,0
DA:3329,0
DA:3330,0
DA:3331,0
DA:3332,0
DA:3334,0
DA:3335,0
DA:3336,0
DA:3337,0
DA:3338,0
DA:3340,0
DA:3343,0
DA:3344,0
DA:3349,0
DA:3350,0
DA:3352,0
DA:3353,0
DA:3355,0
DA:3356,0
DA:3357,0
DA:3360,0
DA:3361,0
DA:3362,0
DA:3363,0
DA:3365,0
DA:3366,0
DA:3369,0
DA:3370,0
DA:3371,0
DA:3372,0
DA:3373,0
DA:3374,0
DA:3375,0
DA:3378,0
DA:3380,0
DA:3381,0
DA:3383,0
DA:3384,0
DA:3385,0
DA:3386,0
DA:3387,0
DA:3389,0
DA:3390,0
DA:3392,0
DA:3393,0
DA:3395,0
DA:3396,0
DA:3398,0
DA:3399,0
DA:3401,0
DA:3404,0
DA:3423,0
DA:3425,0
DA:3426,0
DA:3431,0
DA:3432,0
DA:3441,0
DA:3444,0
DA:3446,0
DA:3447,0
DA:3448,0
DA:3451,0
DA:3452,0
DA:3453,0
DA:3454,0
DA:3456,0
DA:3459,0
DA:3466,0
DA:3467,0
DA:3472,0
DA:3503,0
DA:3536,0
DA:3538,0
DA:3539,0
DA:3543,0
DA:3544,0
DA:3545,0
DA:3547,0
DA:3553,0
DA:3555,0
DA:3556,0
DA:3559,0
DA:3571,0
DA:3572,0
DA:3574,0
DA:3575,0
DA:3579,0
DA:3580,0
DA:3581,0
DA:3582,0
DA:3583,0
DA:3585,0
DA:3586,0
DA:3587,0
DA:3588,0
DA:3589,0
DA:3591,0
DA:3594,0
DA:3595,0
DA:3600,0
DA:3601,0
DA:3603,0
DA:3604,0
DA:3606,0
DA:3607,0
DA:3608,0
DA:3611,0
DA:3612,0
DA:3613,0
DA:3614,0
DA:3616,0
DA:3617,0
DA:3620,0
DA:3621,0
DA:3622,0
DA:3623,0
DA:3624,0
DA:3625,0
DA:3626,0
DA:3629,0
DA:3631,0
DA:3632,0
DA:3633,0
DA:3634,0
DA:3635,0
DA:3636,0
DA:3637,0
DA:3639,0
DA:3640,0
DA:3642,0
DA:3643,0
DA:3645,0
DA:3646,0
DA:3648,0
DA:3649,0
DA:3651,0
DA:3654,0
DA:3673,0
DA:3674,0
DA:3675,0
DA:3679,0
DA:3681,0
DA:3682,0
DA:3687,0
DA:3688,0
DA:3700,0
DA:3703,0
DA:3705,0
DA:3706,0
DA:3710,0
DA:3711,0
DA:3712,0
DA:3713,0
DA:3714,0
DA:3715,0
DA:3716,0
DA:3717,0
DA:3723,0
DA:3729,0
DA:3730,0
DA:3735,0
DA:3738,0
DA:3740,0
DA:3745,0
DA:3746,0
DA:3747,0
DA:3748,0
DA:3749,0
DA:3750,0
DA:3751,0
DA:3758,0
DA:3760,0
DA:3763,0
DA:3764,0
DA:3765,0
DA:3766,0
DA:3768,0
DA:3769,0
DA:3772,0
DA:3774,0
DA:3776,0
DA:3778,0
DA:3781,0
DA:3782,0
DA:3783,0
DA:3786,0
DA:3788,0
DA:3791,0
DA:3792,0
DA:3794,0
DA:3796,0
DA:3797,0
DA:3801,0
DA:3805,0
DA:3806,0
DA:3810,0
DA:3811,0
DA:3813,0
DA:3814,0
DA:3815,0
DA:3816,0
DA:3817,0
DA:3820,0
DA:3821,0
DA:3823,0
DA:3826,0
DA:3827,0
DA:3828,0
DA:3829,0
DA:3833,0
DA:3834,0
DA:3835,0
DA:3837,0
DA:3838,0
DA:3839,0
DA:3841,0
DA:3842,0
DA:3843,0
DA:3845,0
DA:3846,0
DA:3847,0
DA:3848,0
DA:3850,0
DA:3852,0
DA:3858,0
DA:3860,0
DA:3861,0
DA:3865,0
DA:3867,0
DA:3870,0
DA:3871,0
DA:3872,0
DA:3873,0
DA:3874,0
DA:3875,0
DA:3876,0
DA:3877,0
DA:3878,0
DA:3879,0
DA:3880,0
DA:3881,0
DA:3882,0
DA:3883,0
DA:3885,0
DA:3886,0
DA:3887,0
DA:3888,0
DA:3889,0
DA:3893,0
DA:3894,0
DA:3900,0
DA:3901,0
DA:3902,0
DA:3906,0
DA:3908,0
DA:3910,0
DA:3912,0
DA:3913,0
DA:3917,0
DA:3919,0
DA:3920,0
DA:3921,0
DA:3922,0
DA:3923,0
DA:3924,0
DA:3931,0
DA:3932,0
DA:3936,0
DA:3938,0
DA:3940,0
DA:3941,0
DA:3942,0
DA:3943,0
DA:3944,0
DA:3947,0
DA:3948,0
DA:3950,0
DA:3953,0
DA:3954,0
DA:3955,0
DA:3956,0
DA:3960,0
DA:3962,0
DA:3963,0
DA:3964,0
DA:3966,0
DA:3967,0
DA:3968,0
DA:3970,0
DA:3971,0
DA:3972,0
DA:3973,0
DA:3974,0
DA:3976,0
DA:3977,0
DA:3978,0
DA:3979,0
DA:3981,0
DA:3983,0
DA:3988,0
DA:3990,0
DA:3993,0
DA:3994,0
DA:3998,0
DA:3999,0
DA:4002,0
DA:4003,0
DA:4005,0
DA:4017,0
DA:4020,0
DA:4033,0
DA:4034,0
DA:4036,0
DA:4037,0
DA:4040,0
DA:4041,0
DA:4043,0
DA:4058,0
DA:4061,0
DA:4062,0
DA:4063,0
DA:4081,0
DA:4082,0
LF:1575
LH:0
end_of_record
